SF:lib\login_page.dart
DA:22,4
DA:30,1
DA:31,1
DA:45,1
DA:47,1
DA:50,4
DA:51,4
DA:52,4
DA:55,0
DA:56,0
DA:57,0
DA:61,1
DA:64,2
DA:65,2
DA:67,1
DA:70,0
DA:71,0
DA:72,0
DA:73,0
DA:78,0
DA:79,0
DA:80,0
DA:83,0
DA:85,0
DA:86,0
DA:92,0
DA:93,0
DA:96,0
DA:97,0
DA:103,0
DA:106,0
DA:107,0
DA:108,0
DA:111,0
DA:120,0
DA:121,0
DA:122,0
DA:128,0
DA:131,0
DA:133,0
DA:134,0
DA:135,0
DA:136,0
DA:141,0
DA:142,0
DA:143,0
DA:144,0
DA:145,0
DA:146,0
DA:148,0
DA:154,0
DA:155,0
DA:156,0
DA:157,0
DA:163,0
DA:164,0
DA:165,0
DA:167,0
DA:168,0
DA:170,0
DA:171,0
DA:175,0
DA:176,0
DA:177,0
DA:178,0
DA:183,0
DA:184,0
DA:185,0
DA:186,0
DA:189,0
DA:192,0
DA:196,0
DA:197,0
DA:198,0
DA:202,0
DA:207,0
DA:208,0
DA:210,0
DA:213,0
DA:214,0
DA:217,0
DA:221,0
DA:222,0
DA:223,0
DA:224,0
DA:229,0
DA:230,0
DA:232,0
DA:233,0
DA:234,0
DA:237,0
DA:240,0
DA:242,0
DA:245,0
DA:250,0
DA:251,0
DA:252,0
DA:255,0
DA:259,0
DA:260,0
DA:263,0
DA:264,0
DA:269,0
DA:270,0
DA:271,0
DA:272,0
DA:278,0
DA:282,0
DA:284,0
DA:287,0
DA:288,0
DA:293,0
DA:295,0
DA:296,0
DA:297,0
DA:301,0
DA:303,0
DA:306,0
DA:307,0
DA:308,0
DA:311,0
DA:313,0
DA:314,0
DA:315,0
DA:318,0
DA:322,0
DA:323,0
DA:326,0
DA:327,0
DA:334,0
DA:336,0
DA:337,0
DA:338,0
DA:341,0
DA:344,0
DA:348,0
DA:351,0
DA:352,0
DA:360,0
DA:362,0
DA:363,0
DA:364,0
DA:367,0
DA:368,0
DA:377,0
DA:378,0
DA:381,0
DA:382,0
DA:393,0
DA:395,0
DA:396,0
DA:397,0
DA:400,0
DA:403,0
DA:404,0
DA:407,0
DA:408,0
DA:410,0
DA:415,1
DA:417,1
DA:418,1
DA:419,1
DA:421,1
DA:423,1
DA:424,1
DA:425,1
DA:430,0
DA:433,1
DA:434,1
DA:440,0
DA:444,1
DA:445,2
DA:446,1
DA:452,1
DA:455,2
DA:458,1
DA:461,2
DA:464,1
DA:465,0
DA:466,0
DA:468,0
DA:470,0
DA:471,0
DA:472,0
DA:478,1
DA:479,0
DA:480,0
DA:482,0
DA:484,0
DA:485,0
DA:491,2
DA:493,0
LF:192
LH:32
end_of_record
SF:lib\reset_password.dart
DA:8,0
DA:10,0
DA:11,0
DA:20,0
DA:22,0
DA:24,0
DA:27,0
DA:30,0
DA:31,0
DA:32,0
DA:36,0
DA:37,0
DA:42,0
DA:44,0
DA:45,0
DA:46,0
DA:48,0
DA:50,0
DA:56,0
DA:57,0
DA:64,0
DA:65,0
DA:68,0
DA:70,0
LF:24
LH:0
end_of_record
SF:lib\services\auth_service.dart
DA:8,1
DA:9,1
DA:12,0
DA:13,0
DA:17,0
DA:18,0
DA:22,0
DA:23,0
DA:27,0
DA:28,0
DA:32,0
DA:35,0
DA:36,0
DA:40,0
DA:44,0
DA:48,0
DA:52,0
DA:61,0
DA:62,0
DA:66,0
DA:67,0
DA:71,0
DA:72,0
DA:76,0
DA:77,0
DA:81,0
DA:82,0
DA:86,0
DA:87,0
DA:91,0
DA:94,0
DA:95,0
DA:100,0
DA:106,0
DA:107,0
DA:111,0
DA:112,0
DA:115,0
DA:116,0
DA:119,0
DA:120,0
LF:41
LH:2
end_of_record
SF:lib\services\websocket_service.dart
DA:15,1
DA:22,1
DA:29,0
DA:30,0
DA:31,0
DA:32,0
DA:38,1
DA:43,1
DA:45,1
DA:46,1
DA:47,1
DA:50,4
DA:52,0
DA:54,1
DA:59,2
DA:61,0
DA:62,0
DA:83,1
DA:85,2
DA:86,0
DA:88,0
DA:89,0
DA:90,0
DA:93,0
DA:94,0
DA:99,0
DA:102,0
DA:105,0
DA:108,0
DA:109,0
DA:110,0
DA:112,0
DA:113,0
DA:114,0
DA:116,0
DA:117,0
DA:118,0
DA:124,0
DA:125,0
DA:127,0
DA:129,0
DA:134,0
DA:135,0
DA:137,0
DA:142,0
DA:143,0
DA:144,0
DA:145,0
DA:149,0
DA:152,0
DA:153,0
DA:154,0
DA:156,0
DA:157,0
DA:158,0
DA:160,0
DA:161,0
DA:162,0
DA:166,0
DA:168,0
DA:169,0
DA:170,0
DA:175,0
DA:176,0
DA:177,0
DA:178,0
DA:180,0
DA:182,0
DA:183,0
DA:186,0
DA:192,0
DA:193,0
DA:195,0
DA:196,0
DA:197,0
DA:203,0
DA:205,0
DA:206,0
DA:211,0
DA:213,0
DA:217,0
DA:218,0
DA:222,0
DA:223,0
DA:225,0
DA:227,0
DA:232,0
DA:234,0
DA:235,0
DA:237,0
DA:239,0
DA:240,0
DA:242,0
DA:243,0
DA:252,0
DA:253,0
DA:256,0
DA:260,0
DA:263,0
DA:264,0
DA:270,0
DA:271,0
DA:273,0
DA:274,0
DA:275,0
DA:286,0
DA:288,0
DA:289,0
DA:291,0
DA:292,0
DA:293,0
DA:301,0
DA:302,0
DA:303,0
DA:304,0
DA:309,1
DA:310,1
DA:311,1
DA:313,1
DA:315,0
DA:317,0
DA:319,0
DA:320,0
DA:326,0
DA:327,0
DA:329,0
DA:331,0
DA:332,0
DA:335,0
DA:339,0
DA:340,0
DA:341,0
DA:352,0
DA:353,0
LF:134
LH:16
end_of_record
SF:lib\activity_details_page.dart
DA:20,0
DA:28,0
DA:29,0
DA:30,0
DA:31,0
DA:32,0
DA:33,0
DA:34,0
DA:51,0
DA:65,0
DA:66,0
DA:76,0
DA:77,0
DA:78,0
DA:82,0
DA:84,0
DA:85,0
DA:86,0
DA:87,0
DA:88,0
DA:92,0
DA:93,0
DA:94,0
DA:95,0
DA:101,0
DA:103,0
DA:104,0
DA:107,0
DA:108,0
DA:110,0
DA:111,0
DA:113,0
DA:117,0
DA:118,0
DA:123,0
DA:124,0
DA:127,0
DA:128,0
DA:133,0
DA:134,0
DA:136,0
DA:138,0
DA:139,0
DA:145,0
DA:146,0
DA:151,0
DA:152,0
DA:153,0
DA:157,0
DA:159,0
DA:160,0
DA:162,0
DA:164,0
DA:167,0
DA:170,0
DA:174,0
DA:175,0
DA:176,0
DA:180,0
DA:181,0
DA:187,0
DA:194,0
DA:197,0
DA:199,0
DA:200,0
DA:208,0
DA:210,0
DA:211,0
DA:214,0
DA:215,0
DA:217,0
DA:218,0
DA:222,0
DA:223,0
DA:227,0
DA:228,0
DA:229,0
DA:233,0
DA:234,0
DA:236,0
DA:238,0
DA:239,0
DA:241,0
DA:243,0
DA:244,0
DA:247,0
DA:252,0
DA:253,0
DA:254,0
DA:260,0
DA:261,0
DA:262,0
DA:263,0
DA:264,0
DA:265,0
DA:267,0
DA:268,0
DA:270,0
DA:271,0
DA:272,0
DA:273,0
DA:275,0
DA:276,0
DA:277,0
DA:281,0
DA:282,0
DA:283,0
DA:285,0
DA:290,0
DA:291,0
DA:292,0
DA:293,0
DA:301,0
DA:303,0
DA:305,0
DA:307,0
DA:308,0
DA:311,0
DA:312,0
DA:313,0
DA:314,0
DA:316,0
DA:318,0
DA:319,0
DA:320,0
DA:321,0
DA:323,0
DA:324,0
DA:325,0
DA:326,0
DA:328,0
DA:329,0
DA:330,0
DA:331,0
DA:332,0
DA:333,0
DA:335,0
DA:336,0
DA:337,0
DA:338,0
DA:339,0
DA:340,0
DA:341,0
DA:342,0
DA:343,0
DA:350,0
DA:352,0
DA:353,0
DA:354,0
DA:355,0
DA:356,0
DA:357,0
DA:358,0
DA:359,0
DA:363,0
DA:364,0
DA:365,0
DA:366,0
DA:367,0
DA:368,0
DA:369,0
DA:370,0
DA:374,0
DA:375,0
DA:377,0
DA:378,0
DA:379,0
DA:380,0
DA:381,0
DA:382,0
DA:383,0
DA:384,0
DA:389,0
DA:390,0
DA:391,0
DA:393,0
DA:395,0
DA:396,0
DA:400,0
DA:401,0
DA:402,0
DA:409,0
DA:412,0
DA:413,0
DA:414,0
DA:415,0
DA:417,0
DA:418,0
DA:422,0
DA:423,0
DA:426,0
DA:427,0
DA:429,0
DA:431,0
DA:433,0
DA:436,0
DA:437,0
DA:438,0
DA:439,0
DA:442,0
DA:443,0
DA:444,0
DA:445,0
DA:447,0
DA:448,0
DA:450,0
DA:454,0
DA:456,0
DA:458,0
DA:462,0
DA:468,0
DA:469,0
DA:470,0
DA:471,0
DA:476,0
DA:477,0
DA:478,0
DA:479,0
DA:482,0
DA:483,0
DA:485,0
DA:486,0
DA:487,0
DA:488,0
DA:495,0
DA:496,0
DA:498,0
DA:499,0
DA:500,0
DA:501,0
DA:509,0
DA:510,0
DA:512,0
DA:513,0
DA:514,0
DA:515,0
DA:528,0
DA:529,0
DA:530,0
DA:531,0
DA:532,0
DA:533,0
DA:536,0
DA:538,0
DA:539,0
DA:540,0
DA:541,0
DA:543,0
DA:549,0
DA:550,0
DA:552,0
DA:553,0
DA:561,0
DA:562,0
DA:563,0
DA:564,0
DA:565,0
DA:568,0
DA:569,0
DA:570,0
DA:576,0
DA:577,0
DA:579,0
DA:580,0
DA:581,0
DA:582,0
DA:584,0
DA:585,0
DA:586,0
DA:590,0
DA:597,0
DA:598,0
DA:599,0
DA:602,0
DA:603,0
DA:604,0
DA:605,0
DA:606,0
DA:609,0
DA:612,0
DA:614,0
DA:616,0
DA:618,0
DA:624,0
DA:625,0
DA:627,0
DA:628,0
DA:635,0
DA:637,0
DA:640,0
DA:642,0
DA:643,0
DA:644,0
DA:646,0
DA:647,0
DA:654,0
DA:658,0
DA:662,0
DA:663,0
DA:665,0
DA:667,0
DA:673,0
DA:674,0
DA:676,0
DA:677,0
DA:679,0
DA:680,0
DA:681,0
DA:682,0
DA:685,0
DA:688,0
DA:690,0
DA:692,0
DA:699,0
DA:706,0
DA:707,0
DA:709,0
DA:711,0
DA:712,0
DA:713,0
DA:714,0
DA:715,0
DA:716,0
DA:717,0
DA:718,0
DA:719,0
DA:721,0
DA:722,0
DA:723,0
DA:724,0
DA:725,0
DA:729,0
DA:730,0
DA:732,0
DA:733,0
DA:734,0
DA:735,0
DA:737,0
DA:742,0
DA:743,0
DA:746,0
DA:747,0
DA:761,0
DA:763,0
DA:765,0
DA:767,0
DA:769,0
DA:771,0
DA:773,0
DA:775,0
DA:777,0
DA:782,0
DA:784,0
DA:786,0
DA:788,0
DA:790,0
DA:792,0
DA:794,0
LF:358
LH:0
end_of_record
SF:lib\air_quality.dart
DA:31,0
DA:34,0
DA:36,0
DA:37,0
DA:38,0
DA:39,0
DA:40,0
DA:41,0
DA:43,0
DA:44,0
DA:45,0
DA:46,0
DA:47,0
DA:48,0
DA:50,0
DA:51,0
DA:52,0
DA:53,0
DA:54,0
DA:55,0
DA:57,0
DA:58,0
DA:59,0
DA:60,0
DA:61,0
DA:62,0
DA:64,0
DA:65,0
DA:66,0
DA:67,0
DA:68,0
DA:69,0
DA:71,0
DA:72,0
DA:73,0
DA:74,0
DA:75,0
DA:76,0
DA:78,0
DA:79,0
DA:80,0
DA:81,0
DA:82,0
DA:83,0
DA:85,0
DA:86,0
DA:87,0
DA:88,0
DA:89,0
DA:90,0
DA:95,0
DA:105,0
DA:106,0
DA:107,0
DA:108,0
DA:109,0
DA:111,0
DA:113,0
DA:116,0
DA:119,0
DA:122,0
DA:125,0
DA:128,0
DA:131,0
DA:134,0
DA:139,0
DA:142,0
DA:143,0
DA:144,0
DA:146,0
DA:151,0
DA:153,0
DA:156,0
DA:157,0
DA:159,0
DA:161,0
DA:163,0
DA:165,0
DA:168,0
DA:171,0
DA:173,0
DA:175,0
DA:177,0
DA:179,0
DA:181,0
DA:183,0
DA:185,0
DA:187,0
DA:190,0
LF:89
LH:0
end_of_record
SF:lib\solicituds_service.dart
DA:7,0
DA:8,0
DA:10,0
DA:12,0
DA:17,0
DA:18,0
DA:22,0
DA:23,0
DA:25,0
DA:27,0
DA:28,0
DA:29,0
DA:31,0
DA:35,0
DA:36,0
DA:38,0
DA:40,0
DA:41,0
DA:42,0
DA:44,0
DA:48,0
DA:49,0
DA:51,0
DA:53,0
DA:54,0
LF:25
LH:0
end_of_record
SF:lib\services\api_config.dart
DA:6,3
DA:9,1
DA:16,0
DA:19,0
DA:22,0
DA:24,1
DA:33,1
DA:39,0
DA:41,0
DA:42,0
DA:47,0
DA:48,0
DA:55,0
DA:60,0
DA:63,0
DA:65,0
DA:66,0
DA:70,0
DA:71,0
LF:19
LH:4
end_of_record
SF:lib\services\notification_service.dart
DA:8,0
DA:9,0
DA:18,0
DA:19,0
DA:28,0
DA:29,0
DA:38,0
DA:39,0
DA:48,0
DA:55,0
DA:56,0
DA:59,0
DA:61,0
DA:66,0
DA:67,0
DA:73,0
DA:85,0
DA:94,0
DA:95,0
DA:105,0
DA:107,0
DA:109,0
DA:113,0
DA:116,0
DA:117,0
DA:120,0
DA:121,0
DA:123,0
DA:124,0
DA:125,0
DA:130,0
DA:132,0
DA:133,0
DA:134,0
DA:137,0
DA:139,0
DA:140,0
DA:142,0
DA:144,0
DA:145,0
DA:146,0
DA:147,0
DA:148,0
DA:154,0
DA:155,0
DA:156,0
DA:157,0
DA:158,0
DA:165,0
DA:167,0
DA:168,0
DA:170,0
DA:171,0
DA:172,0
DA:180,0
DA:181,0
DA:183,0
DA:184,0
LF:58
LH:0
end_of_record
SF:lib\chat_detail_page.dart
DA:19,0
DA:29,0
DA:30,0
DA:55,0
DA:56,0
DA:58,0
DA:60,0
DA:61,0
DA:62,0
DA:63,0
DA:64,0
DA:65,0
DA:69,0
DA:70,0
DA:71,0
DA:72,0
DA:75,0
DA:76,0
DA:77,0
DA:78,0
DA:81,0
DA:82,0
DA:83,0
DA:88,0
DA:89,0
DA:90,0
DA:95,0
DA:96,0
DA:101,0
DA:102,0
DA:104,0
DA:105,0
DA:106,0
DA:108,0
DA:109,0
DA:110,0
DA:111,0
DA:112,0
DA:119,0
DA:120,0
DA:121,0
DA:126,0
DA:127,0
DA:132,0
DA:133,0
DA:138,0
DA:139,0
DA:142,0
DA:143,0
DA:144,0
DA:145,0
DA:149,0
DA:150,0
DA:152,0
DA:153,0
DA:155,0
DA:156,0
DA:157,0
DA:158,0
DA:169,0
DA:170,0
DA:171,0
DA:175,0
DA:176,0
DA:177,0
DA:180,0
DA:181,0
DA:183,0
DA:184,0
DA:187,0
DA:189,0
DA:196,0
DA:200,0
DA:201,0
DA:202,0
DA:205,0
DA:206,0
DA:208,0
DA:209,0
DA:212,0
DA:213,0
DA:218,0
DA:219,0
DA:220,0
DA:221,0
DA:222,0
DA:229,0
DA:231,0
DA:232,0
DA:235,0
DA:242,0
DA:243,0
DA:248,0
DA:249,0
DA:256,0
DA:258,0
DA:261,0
DA:268,0
DA:269,0
DA:270,0
DA:271,0
DA:275,0
DA:276,0
DA:279,0
DA:280,0
DA:281,0
DA:282,0
DA:283,0
DA:290,0
DA:291,0
DA:292,0
DA:293,0
DA:294,0
DA:295,0
DA:297,0
DA:298,0
DA:299,0
DA:300,0
DA:303,0
DA:304,0
DA:305,0
DA:306,0
DA:307,0
DA:311,0
DA:315,0
DA:317,0
DA:318,0
DA:320,0
DA:321,0
DA:322,0
DA:324,0
DA:325,0
DA:326,0
DA:327,0
DA:328,0
DA:329,0
DA:330,0
DA:333,0
DA:334,0
DA:336,0
DA:340,0
DA:344,0
DA:345,0
DA:346,0
DA:347,0
DA:348,0
DA:349,0
DA:350,0
DA:355,0
DA:356,0
DA:357,0
DA:358,0
DA:359,0
DA:361,0
DA:362,0
DA:364,0
DA:365,0
DA:366,0
DA:372,0
DA:373,0
DA:374,0
DA:375,0
DA:376,0
DA:377,0
DA:378,0
DA:379,0
DA:381,0
DA:382,0
DA:383,0
DA:387,0
DA:392,0
DA:393,0
DA:394,0
DA:395,0
DA:399,0
DA:400,0
DA:401,0
DA:402,0
DA:403,0
DA:411,0
DA:412,0
DA:413,0
DA:415,0
DA:418,0
DA:419,0
DA:420,0
DA:421,0
DA:422,0
DA:423,0
DA:424,0
DA:425,0
DA:429,0
DA:430,0
DA:431,0
DA:436,0
DA:437,0
DA:440,0
DA:443,0
DA:444,0
DA:449,0
DA:450,0
DA:451,0
DA:452,0
DA:453,0
DA:458,0
DA:459,0
DA:460,0
DA:461,0
DA:465,0
DA:469,0
DA:470,0
DA:471,0
DA:472,0
DA:473,0
DA:474,0
DA:475,0
DA:478,0
DA:479,0
DA:480,0
DA:481,0
DA:483,0
DA:487,0
DA:489,0
DA:491,0
DA:492,0
DA:493,0
DA:496,0
DA:497,0
DA:499,0
DA:500,0
DA:502,0
DA:504,0
DA:506,0
DA:515,0
DA:516,0
DA:520,0
DA:521,0
DA:522,0
DA:523,0
DA:524,0
DA:529,0
DA:530,0
DA:531,0
DA:532,0
DA:535,0
DA:536,0
DA:537,0
DA:538,0
DA:540,0
DA:554,0
DA:555,0
DA:556,0
DA:558,0
DA:563,0
DA:564,0
DA:565,0
DA:568,0
DA:569,0
DA:570,0
DA:571,0
DA:583,0
DA:584,0
DA:585,0
DA:586,0
DA:590,0
DA:591,0
DA:593,0
DA:594,0
DA:601,0
DA:602,0
DA:603,0
DA:607,0
DA:608,0
DA:609,0
DA:616,0
DA:617,0
DA:618,0
DA:619,0
DA:623,0
DA:624,0
DA:625,0
DA:631,0
DA:633,0
DA:634,0
DA:635,0
DA:636,0
DA:637,0
DA:640,0
DA:642,0
DA:643,0
DA:644,0
DA:645,0
DA:646,0
DA:647,0
DA:648,0
DA:655,0
DA:656,0
DA:657,0
DA:658,0
DA:661,0
DA:662,0
DA:663,0
DA:665,0
DA:666,0
DA:667,0
DA:686,0
DA:704,0
DA:727,0
DA:728,0
DA:730,0
DA:733,0
DA:734,0
DA:737,0
DA:738,0
DA:740,0
DA:741,0
DA:743,0
DA:744,0
DA:748,0
DA:749,0
DA:762,0
DA:763,0
DA:767,0
DA:776,0
DA:777,0
DA:779,0
DA:780,0
DA:781,0
DA:782,0
DA:783,0
DA:788,0
DA:789,0
DA:792,0
DA:793,0
DA:794,0
DA:795,0
DA:796,0
DA:811,0
DA:816,0
DA:818,0
DA:819,0
DA:820,0
DA:821,0
DA:822,0
DA:827,0
DA:845,0
DA:846,0
DA:848,0
DA:850,0
DA:851,0
DA:853,0
DA:856,0
DA:857,0
DA:858,0
DA:860,0
DA:861,0
DA:863,0
DA:865,0
DA:866,0
DA:867,0
DA:868,0
DA:874,0
DA:876,0
DA:877,0
DA:878,0
DA:879,0
DA:888,0
DA:889,0
DA:891,0
DA:893,0
DA:907,0
DA:909,0
DA:910,0
DA:912,0
DA:913,0
DA:915,0
DA:916,0
DA:921,0
DA:922,0
DA:924,0
DA:925,0
DA:926,0
DA:927,0
DA:928,0
DA:930,0
DA:935,0
DA:945,0
DA:946,0
DA:947,0
DA:950,0
DA:951,0
DA:952,0
DA:959,0
DA:960,0
DA:961,0
DA:962,0
DA:964,0
DA:965,0
DA:966,0
DA:974,0
DA:975,0
DA:976,0
DA:977,0
DA:978,0
DA:984,0
DA:987,0
DA:988,0
DA:989,0
DA:993,0
DA:994,0
DA:996,0
DA:997,0
DA:998,0
DA:1001,0
DA:1002,0
DA:1003,0
DA:1004,0
DA:1007,0
DA:1008,0
DA:1014,0
DA:1015,0
DA:1016,0
DA:1017,0
DA:1018,0
DA:1024,0
DA:1025,0
DA:1026,0
DA:1028,0
DA:1029,0
DA:1033,0
DA:1034,0
DA:1035,0
DA:1038,0
DA:1039,0
DA:1040,0
DA:1047,0
DA:1048,0
DA:1052,0
DA:1053,0
DA:1055,0
DA:1056,0
DA:1057,0
DA:1063,0
DA:1067,0
DA:1068,0
DA:1069,0
DA:1072,0
DA:1073,0
DA:1077,0
DA:1082,0
DA:1083,0
DA:1084,0
DA:1087,0
DA:1088,0
DA:1094,0
DA:1095,0
DA:1096,0
DA:1097,0
DA:1098,0
DA:1104,0
DA:1105,0
DA:1106,0
DA:1108,0
DA:1109,0
DA:1113,0
DA:1114,0
DA:1115,0
DA:1118,0
DA:1119,0
DA:1120,0
DA:1127,0
DA:1128,0
DA:1132,0
DA:1133,0
DA:1135,0
DA:1136,0
DA:1137,0
DA:1143,0
DA:1147,0
DA:1148,0
DA:1149,0
DA:1152,0
DA:1153,0
DA:1157,0
DA:1162,0
DA:1163,0
DA:1164,0
DA:1167,0
DA:1168,0
DA:1174,0
DA:1175,0
DA:1176,0
DA:1177,0
DA:1178,0
DA:1185,0
DA:1186,0
DA:1187,0
DA:1188,0
DA:1189,0
DA:1195,0
LF:500
LH:0
end_of_record
SF:lib\invite_users_dialog.dart
DA:8,0
DA:10,0
DA:11,0
DA:20,0
DA:22,0
DA:23,0
DA:24,0
DA:25,0
DA:27,0
DA:31,0
DA:32,0
DA:33,0
DA:34,0
DA:39,0
DA:40,0
DA:44,0
DA:45,0
DA:46,0
DA:47,0
DA:49,0
DA:53,0
DA:54,0
DA:57,0
DA:58,0
DA:59,0
DA:64,0
DA:65,0
DA:70,0
DA:72,0
DA:73,0
DA:74,0
DA:75,0
DA:79,0
DA:81,0
DA:82,0
DA:83,0
DA:90,0
DA:92,0
DA:93,0
DA:95,0
DA:97,0
DA:98,0
DA:99,0
DA:106,0
DA:107,0
DA:108,0
DA:109,0
DA:111,0
DA:113,0
DA:115,0
DA:116,0
DA:117,0
DA:118,0
DA:119,0
DA:120,0
DA:121,0
DA:122,0
DA:123,0
DA:125,0
DA:127,0
LF:60
LH:0
end_of_record
SF:lib\activity_service.dart
DA:9,0
DA:10,0
DA:20,0
DA:21,0
DA:23,0
DA:24,0
DA:25,0
DA:27,0
DA:31,0
DA:33,0
DA:35,0
DA:36,0
DA:37,0
DA:38,0
DA:39,0
DA:40,0
DA:43,0
DA:45,0
DA:46,0
DA:48,0
DA:49,0
DA:51,0
DA:52,0
DA:55,0
DA:57,0
DA:60,0
DA:63,0
DA:64,0
DA:68,0
DA:69,0
DA:70,0
DA:72,0
DA:73,0
DA:76,0
DA:77,0
DA:84,0
DA:86,0
DA:90,0
DA:92,0
DA:96,0
DA:97,0
DA:103,0
DA:104,0
DA:105,0
DA:109,0
DA:110,0
DA:111,0
DA:113,0
DA:114,0
DA:118,0
DA:123,0
DA:125,0
DA:126,0
DA:128,0
DA:129,0
DA:130,0
DA:131,0
DA:132,0
DA:135,0
DA:137,0
DA:138,0
DA:140,0
DA:141,0
DA:143,0
DA:144,0
DA:147,0
DA:149,0
DA:152,0
DA:155,0
DA:157,0
DA:161,0
DA:162,0
DA:163,0
DA:165,0
DA:166,0
DA:168,0
DA:169,0
DA:174,0
DA:175,0
DA:176,0
DA:178,0
DA:179,0
DA:183,0
DA:187,0
DA:188,0
DA:190,0
DA:191,0
DA:192,0
DA:197,0
DA:200,0
DA:201,0
DA:203,0
DA:204,0
DA:205,0
DA:207,0
DA:208,0
DA:213,0
DA:214,0
DA:215,0
DA:216,0
DA:217,0
DA:218,0
DA:220,0
LF:103
LH:0
end_of_record
SF:lib\admin_page.dart
DA:13,0
DA:15,0
DA:16,0
DA:25,0
DA:31,0
DA:32,0
DA:33,0
DA:37,0
DA:39,0
DA:41,0
DA:42,0
DA:45,0
DA:48,0
DA:49,0
DA:52,0
DA:53,0
DA:54,0
DA:55,0
DA:56,0
DA:58,0
DA:59,0
DA:60,0
DA:79,0
DA:92,0
DA:94,0
DA:105,0
DA:111,0
DA:113,0
DA:115,0
DA:116,0
LF:30
LH:0
end_of_record
SF:lib\user_page.dart
DA:25,0
DA:27,0
DA:28,0
DA:34,0
DA:36,0
DA:37,0
DA:40,0
DA:42,0
DA:43,0
DA:44,0
DA:46,0
DA:47,0
DA:50,0
DA:51,0
DA:52,0
DA:56,0
DA:57,0
DA:58,0
DA:64,0
DA:66,0
DA:67,0
DA:68,0
DA:69,0
DA:70,0
DA:71,0
DA:73,0
DA:74,0
DA:75,0
DA:79,0
DA:80,0
DA:81,0
DA:82,0
DA:83,0
DA:84,0
DA:85,0
DA:86,0
DA:87,0
DA:89,0
DA:91,0
DA:93,0
DA:94,0
DA:96,0
DA:98,0
DA:99,0
DA:100,0
DA:101,0
DA:102,0
DA:103,0
DA:104,0
DA:105,0
DA:107,0
DA:108,0
DA:132,0
DA:142,0
DA:144,0
DA:146,0
DA:147,0
DA:149,0
DA:150,0
DA:151,0
DA:154,0
DA:155,0
DA:158,0
DA:161,0
DA:166,0
DA:169,0
DA:172,0
DA:174,0
DA:177,0
DA:178,0
DA:189,0
DA:197,0
DA:198,0
DA:199,0
DA:209,0
DA:211,0
DA:229,0
DA:238,0
DA:239,0
DA:264,0
DA:266,0
DA:268,0
DA:270,0
DA:272,0
DA:273,0
DA:276,0
DA:277,0
DA:279,0
DA:283,0
DA:284,0
DA:285,0
DA:286,0
DA:287,0
DA:289,0
DA:290,0
DA:291,0
DA:296,0
DA:297,0
DA:301,0
DA:303,0
DA:304,0
DA:305,0
DA:306,0
DA:308,0
DA:315,0
DA:317,0
DA:320,0
DA:321,0
DA:325,0
DA:329,0
DA:331,0
DA:334,0
DA:335,0
DA:337,0
DA:341,0
DA:344,0
DA:347,0
DA:348,0
DA:350,0
DA:351,0
DA:352,0
DA:354,0
DA:355,0
DA:356,0
DA:357,0
DA:363,0
DA:365,0
DA:368,0
DA:371,0
DA:373,0
DA:374,0
DA:375,0
DA:379,0
DA:382,0
DA:383,0
DA:385,0
DA:386,0
DA:387,0
DA:388,0
DA:393,0
DA:394,0
DA:396,0
DA:397,0
DA:398,0
DA:399,0
DA:408,0
DA:423,0
DA:427,0
DA:428,0
DA:440,0
DA:441,0
DA:442,0
DA:443,0
DA:450,0
DA:451,0
DA:453,0
DA:457,0
DA:458,0
DA:465,0
DA:466,0
DA:468,0
DA:469,0
DA:470,0
DA:471,0
DA:478,0
DA:479,0
DA:481,0
DA:505,0
DA:507,0
DA:508,0
DA:510,0
DA:511,0
DA:512,0
DA:516,0
DA:518,0
DA:521,0
DA:524,0
DA:527,0
DA:529,0
DA:530,0
DA:531,0
DA:533,0
DA:534,0
DA:535,0
DA:536,0
DA:537,0
DA:541,0
DA:542,0
DA:543,0
DA:544,0
DA:546,0
DA:554,0
DA:556,0
DA:571,0
DA:574,0
DA:575,0
DA:577,0
DA:578,0
DA:580,0
DA:583,0
DA:585,0
DA:589,0
DA:590,0
DA:597,0
DA:600,0
DA:603,0
DA:608,0
DA:609,0
DA:610,0
DA:613,0
DA:614,0
DA:625,0
DA:628,0
DA:642,0
DA:645,0
DA:648,0
DA:651,0
DA:654,0
DA:658,0
DA:659,0
DA:660,0
DA:663,0
DA:672,0
DA:682,0
DA:690,0
DA:691,0
DA:695,0
DA:698,0
DA:700,0
DA:702,0
DA:708,0
DA:712,0
DA:713,0
DA:715,0
DA:720,0
DA:721,0
DA:722,0
DA:723,0
DA:725,0
DA:726,0
DA:727,0
DA:728,0
DA:733,0
DA:735,0
DA:736,0
DA:739,0
DA:740,0
DA:741,0
DA:742,0
DA:743,0
DA:744,0
DA:746,0
DA:747,0
DA:757,0
DA:758,0
DA:759,0
DA:760,0
DA:765,0
DA:767,0
DA:768,0
DA:769,0
DA:771,0
DA:772,0
DA:773,0
DA:779,0
DA:782,0
DA:785,0
DA:788,0
DA:791,0
DA:792,0
DA:793,0
DA:796,0
DA:797,0
DA:808,0
DA:813,0
DA:821,0
DA:826,0
DA:827,0
DA:829,0
DA:830,0
DA:832,0
DA:834,0
DA:837,0
DA:839,0
DA:842,0
DA:844,0
DA:854,0
DA:855,0
DA:856,0
DA:857,0
DA:858,0
DA:859,0
DA:860,0
DA:863,0
DA:864,0
DA:865,0
DA:866,0
DA:867,0
DA:873,0
DA:882,0
DA:883,0
DA:884,0
DA:886,0
DA:891,0
DA:899,0
DA:900,0
DA:901,0
DA:902,0
DA:904,0
DA:910,0
DA:919,0
DA:920,0
DA:921,0
DA:922,0
DA:924,0
DA:930,0
DA:939,0
DA:941,0
DA:942,0
DA:943,0
DA:944,0
DA:948,0
DA:949,0
DA:950,0
DA:955,0
DA:958,0
DA:959,0
DA:961,0
DA:965,0
DA:973,0
DA:974,0
DA:975,0
DA:978,0
DA:989,0
DA:991,0
DA:992,0
DA:995,0
DA:996,0
DA:1012,0
DA:1017,0
DA:1018,0
LF:341
LH:0
end_of_record
SF:lib\filtros_admin_content.dart
DA:14,0
DA:18,0
DA:20,0
DA:21,0
DA:26,1
DA:28,0
DA:29,0
DA:55,0
DA:57,0
DA:59,0
DA:60,0
DA:62,0
DA:65,0
DA:66,0
DA:67,0
DA:68,0
DA:75,0
DA:78,0
DA:80,0
DA:82,0
DA:83,0
DA:84,0
DA:85,0
DA:86,0
DA:87,0
DA:90,0
DA:92,0
DA:94,0
DA:96,0
DA:97,0
DA:98,0
DA:99,0
DA:100,0
DA:101,0
DA:104,0
DA:105,0
DA:106,0
DA:107,0
DA:111,0
DA:115,0
DA:116,0
DA:117,0
DA:118,0
DA:124,0
DA:125,0
DA:126,0
DA:127,0
DA:131,0
DA:132,0
DA:133,0
DA:139,0
DA:140,0
DA:143,0
DA:144,0
DA:145,0
DA:146,0
DA:147,0
DA:148,0
DA:149,0
DA:150,0
DA:156,0
DA:159,0
DA:160,0
DA:161,0
DA:163,0
DA:164,0
DA:165,0
DA:166,0
DA:167,0
DA:171,0
DA:172,0
DA:173,0
DA:174,0
DA:179,0
DA:182,0
DA:183,0
DA:184,0
DA:188,0
DA:190,0
DA:191,0
DA:195,0
DA:196,0
DA:197,0
DA:198,0
DA:204,0
DA:205,0
DA:206,0
DA:207,0
DA:213,0
DA:215,0
DA:216,0
DA:218,0
DA:221,0
DA:223,0
DA:225,0
DA:227,0
DA:229,0
DA:231,0
DA:232,0
DA:234,0
DA:235,0
DA:240,0
DA:244,0
DA:245,0
DA:246,0
DA:247,0
DA:250,0
DA:251,0
DA:257,0
DA:258,0
DA:261,0
DA:267,0
DA:269,0
DA:275,0
DA:279,0
DA:280,0
DA:281,0
DA:282,0
DA:288,0
DA:289,0
DA:292,0
DA:296,0
DA:300,0
DA:301,0
DA:302,0
DA:303,0
DA:309,0
DA:310,0
DA:313,0
DA:319,0
DA:321,0
DA:326,0
DA:328,0
DA:332,0
DA:336,0
DA:337,0
DA:338,0
DA:339,0
DA:340,0
DA:342,0
DA:344,0
DA:346,0
DA:347,0
DA:349,0
DA:350,0
DA:351,0
DA:354,0
DA:356,0
DA:357,0
DA:358,0
DA:359,0
DA:365,0
DA:366,0
DA:367,0
DA:369,0
DA:377,0
DA:378,0
DA:379,0
DA:382,0
DA:384,0
DA:388,0
DA:389,0
DA:390,0
DA:391,0
DA:395,0
DA:397,0
DA:399,0
DA:400,0
DA:413,0
DA:414,0
DA:417,0
DA:418,0
DA:430,0
DA:432,0
DA:437,0
DA:441,0
DA:452,0
DA:453,0
DA:454,0
DA:455,0
DA:456,0
DA:457,0
DA:459,0
LF:183
LH:1
end_of_record
SF:lib\blocked_users_page.dart
DA:13,0
DA:21,0
DA:22,0
DA:34,0
DA:36,0
DA:37,0
DA:38,0
DA:39,0
DA:40,0
DA:41,0
DA:42,0
DA:45,0
DA:46,0
DA:47,0
DA:48,0
DA:52,0
DA:54,0
DA:55,0
DA:56,0
DA:59,0
DA:60,0
DA:61,0
DA:66,0
DA:68,0
DA:70,0
DA:71,0
DA:72,0
DA:73,0
DA:80,0
DA:83,0
DA:86,0
DA:87,0
DA:88,0
DA:91,0
DA:92,0
DA:93,0
DA:96,0
DA:97,0
DA:98,0
DA:106,0
DA:109,0
DA:111,0
DA:112,0
DA:116,0
DA:117,0
DA:122,0
DA:127,0
DA:128,0
DA:129,0
DA:130,0
DA:131,0
DA:137,0
DA:141,0
DA:142,0
DA:143,0
DA:144,0
DA:150,0
DA:151,0
DA:156,0
DA:160,0
DA:161,0
DA:162,0
DA:163,0
DA:164,0
DA:169,0
DA:170,0
DA:175,0
DA:177,0
DA:178,0
DA:180,0
DA:182,0
DA:183,0
DA:184,0
DA:186,0
DA:188,0
DA:195,0
DA:196,0
DA:201,0
DA:202,0
DA:209,0
DA:210,0
DA:211,0
DA:213,0
DA:214,0
DA:217,0
DA:236,0
DA:237,0
DA:238,0
DA:240,0
DA:241,0
DA:242,0
DA:244,0
DA:246,0
DA:247,0
DA:250,0
DA:256,0
DA:261,0
DA:267,0
DA:269,0
DA:272,0
DA:273,0
DA:286,0
DA:287,0
LF:103
LH:0
end_of_record
SF:lib\services\user_block_service.dart
DA:13,0
DA:25,0
DA:41,0
DA:46,0
DA:47,0
DA:48,0
DA:49,0
DA:55,0
DA:61,0
DA:69,0
DA:70,0
DA:71,0
DA:72,0
DA:78,0
DA:91,0
DA:97,0
DA:104,0
DA:105,0
DA:106,0
DA:107,0
DA:113,0
DA:126,0
DA:131,0
DA:132,0
DA:133,0
DA:134,0
DA:139,0
DA:140,0
DA:141,0
DA:150,0
DA:152,0
DA:153,0
DA:156,0
DA:157,0
DA:159,0
DA:161,0
DA:166,0
DA:167,0
DA:171,0
DA:172,0
LF:40
LH:0
end_of_record
SF:lib\calendar_page.dart
DA:18,0
DA:19,0
DA:20,0
DA:22,0
DA:23,0
DA:39,0
DA:41,0
DA:42,0
DA:43,0
DA:44,0
DA:45,0
DA:46,0
DA:49,0
DA:51,0
DA:52,0
DA:55,0
DA:57,0
DA:60,0
DA:62,0
DA:64,0
DA:65,0
DA:66,0
DA:67,0
DA:68,0
DA:72,0
DA:73,0
DA:74,0
DA:80,0
DA:81,0
DA:82,0
DA:85,0
DA:86,0
DA:87,0
DA:89,0
DA:90,0
DA:91,0
DA:94,0
DA:95,0
DA:96,0
DA:97,0
DA:102,0
DA:108,0
DA:109,0
DA:110,0
DA:111,0
DA:112,0
DA:113,0
DA:115,0
DA:116,0
DA:126,0
DA:127,0
DA:129,0
DA:130,0
DA:131,0
DA:136,0
DA:141,0
DA:142,0
DA:150,0
DA:151,0
DA:152,0
DA:155,0
DA:156,0
DA:158,0
DA:160,0
DA:163,0
DA:166,0
DA:168,0
DA:169,0
DA:173,0
DA:174,0
DA:175,0
DA:178,0
DA:179,0
DA:180,0
DA:186,0
DA:187,0
DA:188,0
DA:189,0
DA:190,0
DA:191,0
DA:194,0
DA:195,0
DA:201,0
DA:202,0
DA:206,0
DA:207,0
DA:208,0
DA:212,0
DA:213,0
DA:227,0
DA:229,0
DA:230,0
DA:233,0
DA:235,0
DA:240,0
DA:241,0
DA:242,0
DA:243,0
DA:245,0
DA:246,0
DA:247,0
DA:251,0
DA:252,0
DA:257,0
DA:259,0
DA:261,0
DA:263,0
DA:264,0
DA:266,0
DA:267,0
DA:268,0
DA:270,0
DA:271,0
DA:272,0
DA:274,0
DA:275,0
DA:282,0
DA:283,0
DA:284,0
DA:287,0
DA:290,0
DA:291,0
DA:292,0
DA:295,0
DA:296,0
DA:297,0
DA:298,0
DA:299,0
DA:302,0
DA:306,0
DA:308,0
DA:309,0
DA:311,0
DA:312,0
DA:314,0
DA:319,0
DA:321,0
DA:322,0
DA:323,0
DA:324,0
DA:325,0
DA:326,0
DA:327,0
DA:329,0
DA:330,0
DA:331,0
DA:332,0
DA:333,0
DA:334,0
DA:335,0
DA:336,0
DA:337,0
DA:339,0
DA:341,0
DA:342,0
DA:343,0
DA:344,0
DA:347,0
DA:363,0
DA:364,0
DA:365,0
DA:366,0
DA:368,0
DA:369,0
DA:370,0
DA:372,0
DA:373,0
DA:374,0
DA:386,0
DA:387,0
DA:388,0
DA:390,0
DA:392,0
DA:393,0
DA:397,0
DA:398,0
DA:401,0
DA:403,0
DA:404,0
DA:406,0
DA:408,0
DA:411,0
DA:412,0
DA:414,0
DA:415,0
DA:416,0
DA:417,0
DA:426,0
DA:428,0
DA:434,0
DA:435,0
DA:436,0
DA:440,0
DA:442,0
DA:444,0
DA:446,0
DA:447,0
DA:449,0
DA:450,0
DA:451,0
DA:452,0
DA:453,0
DA:458,0
DA:459,0
DA:460,0
DA:461,0
DA:462,0
DA:463,0
DA:467,0
DA:468,0
DA:469,0
DA:470,0
DA:475,0
DA:476,0
DA:480,0
DA:481,0
DA:482,0
DA:483,0
DA:498,0
DA:499,0
DA:500,0
DA:503,0
DA:504,0
DA:505,0
DA:508,0
DA:509,0
DA:510,0
DA:511,0
DA:513,0
DA:514,0
DA:515,0
DA:516,0
DA:521,0
DA:525,0
DA:530,0
DA:531,0
DA:533,0
DA:537,0
DA:542,0
DA:543,0
DA:544,0
DA:545,0
DA:548,0
DA:549,0
DA:550,0
DA:551,0
DA:552,0
DA:553,0
DA:554,0
DA:556,0
DA:558,0
DA:566,0
DA:568,0
DA:569,0
DA:571,0
DA:572,0
DA:573,0
DA:578,0
DA:579,0
DA:581,0
DA:582,0
DA:583,0
DA:584,0
DA:585,0
DA:587,0
DA:595,0
DA:597,0
DA:599,0
DA:600,0
DA:601,0
DA:602,0
DA:606,0
DA:608,0
DA:618,0
DA:619,0
DA:622,0
DA:623,0
DA:624,0
DA:625,0
DA:627,0
DA:629,0
DA:630,0
DA:631,0
DA:634,0
DA:635,0
DA:636,0
DA:639,0
DA:640,0
DA:644,0
DA:645,0
DA:646,0
DA:649,0
DA:653,0
DA:654,0
DA:656,0
DA:657,0
DA:658,0
DA:659,0
DA:660,0
DA:663,0
DA:664,0
DA:665,0
DA:675,0
DA:677,0
DA:684,0
DA:685,0
DA:686,0
DA:688,0
DA:690,0
DA:691,0
DA:692,0
DA:693,0
DA:695,0
DA:696,0
DA:699,0
DA:701,0
DA:704,0
DA:705,0
DA:706,0
DA:707,0
DA:708,0
DA:711,0
DA:712,0
DA:713,0
DA:714,0
DA:719,0
DA:721,0
DA:722,0
DA:723,0
DA:725,0
DA:729,0
DA:730,0
DA:731,0
DA:737,0
DA:740,0
DA:741,0
DA:750,0
DA:753,0
DA:754,0
DA:755,0
DA:756,0
DA:757,0
DA:758,0
DA:759,0
DA:760,0
DA:761,0
DA:762,0
DA:763,0
DA:764,0
DA:765,0
DA:766,0
DA:767,0
DA:768,0
DA:770,0
DA:771,0
DA:772,0
DA:773,0
DA:780,0
DA:784,0
DA:785,0
DA:791,0
DA:793,0
DA:795,0
DA:796,0
DA:797,0
DA:803,0
DA:805,0
DA:806,0
DA:808,0
DA:809,0
DA:814,0
DA:820,0
DA:824,0
LF:373
LH:0
end_of_record
SF:lib\map_service.dart
DA:14,0
DA:15,0
DA:16,0
DA:18,0
DA:19,0
DA:20,0
DA:22,0
DA:26,0
DA:28,0
DA:29,0
DA:32,0
DA:33,0
DA:34,0
DA:35,0
DA:37,0
DA:38,0
DA:46,0
DA:47,0
DA:49,0
DA:50,0
DA:51,0
DA:54,0
DA:55,0
DA:67,0
DA:68,0
DA:69,0
DA:71,0
DA:72,0
DA:73,0
DA:75,0
DA:79,0
DA:80,0
DA:83,0
DA:84,0
DA:87,0
DA:88,0
DA:89,0
DA:90,0
DA:91,0
DA:92,0
DA:94,0
DA:95,0
DA:96,0
DA:100,0
DA:101,0
DA:106,0
DA:107,0
DA:110,0
DA:113,0
DA:114,0
DA:116,0
DA:117,0
DA:121,0
DA:123,0
DA:126,0
DA:129,0
DA:130,0
DA:133,0
DA:136,0
DA:137,0
DA:138,0
DA:139,0
DA:140,0
DA:141,0
DA:143,0
DA:144,0
DA:145,0
DA:149,0
DA:150,0
DA:155,0
DA:156,0
DA:159,0
DA:162,0
DA:163,0
DA:164,0
DA:165,0
DA:166,0
DA:170,0
DA:172,0
DA:175,0
DA:178,0
DA:179,0
DA:183,0
DA:184,0
DA:185,0
DA:187,0
DA:188,0
DA:192,0
DA:193,0
DA:194,0
DA:196,0
DA:197,0
DA:198,0
DA:200,0
DA:204,0
DA:205,0
LF:96
LH:0
end_of_record
SF:lib\services\note_service.dart
DA:11,0
DA:13,0
DA:14,0
DA:15,0
DA:17,0
DA:18,0
DA:19,0
DA:21,0
DA:25,0
DA:26,0
DA:29,0
DA:30,0
DA:31,0
DA:32,0
DA:33,0
DA:36,0
DA:38,0
DA:41,0
DA:44,0
DA:45,0
DA:49,0
DA:50,0
DA:53,0
DA:54,0
DA:55,0
DA:56,0
DA:57,0
DA:60,0
DA:62,0
DA:65,0
DA:68,0
DA:69,0
DA:73,0
DA:74,0
DA:75,0
DA:77,0
DA:78,0
DA:82,0
DA:83,0
DA:84,0
DA:85,0
DA:87,0
DA:88,0
DA:89,0
DA:90,0
LF:45
LH:0
end_of_record
SF:lib\models\nota.dart
DA:8,0
DA:16,0
DA:17,0
DA:18,0
DA:19,0
DA:20,0
DA:21,0
DA:22,0
DA:26,0
DA:27,0
DA:28,0
DA:29,0
DA:30,0
DA:31,0
DA:32,0
LF:15
LH:0
end_of_record
SF:lib\services\chat_service.dart
DA:17,0
DA:26,0
DA:27,0
DA:28,0
DA:29,0
DA:30,0
DA:31,0
DA:32,0
DA:36,0
DA:37,0
DA:38,0
DA:39,0
DA:40,0
DA:41,0
DA:53,0
DA:61,0
DA:66,0
DA:68,0
DA:70,0
DA:72,0
DA:73,0
DA:84,0
DA:89,0
DA:95,0
DA:98,0
DA:105,0
DA:109,0
DA:110,0
DA:118,0
DA:121,0
DA:127,0
DA:133,0
DA:136,0
DA:137,0
DA:138,0
DA:139,0
DA:144,0
DA:147,0
DA:148,0
DA:149,0
DA:150,0
DA:155,0
DA:156,0
DA:158,0
DA:161,0
DA:164,0
DA:165,0
DA:167,0
DA:170,0
DA:171,0
DA:176,0
DA:179,0
DA:180,0
DA:181,0
DA:185,0
DA:186,0
DA:187,0
DA:188,0
DA:193,0
DA:194,0
DA:196,0
DA:200,0
DA:201,0
DA:203,0
DA:204,0
DA:205,0
DA:209,0
DA:210,0
DA:214,0
DA:215,0
DA:216,0
DA:218,0
DA:222,0
DA:228,0
DA:229,0
DA:232,0
DA:233,0
DA:238,0
DA:245,0
DA:251,0
DA:256,0
DA:258,0
DA:261,0
DA:266,0
DA:272,0
DA:274,0
DA:275,0
DA:276,0
DA:283,0
DA:285,0
DA:291,0
DA:297,0
DA:298,0
LF:93
LH:0
end_of_record
SF:lib\services\chat_websocket_service.dart
DA:12,0
DA:19,0
DA:26,0
DA:29,0
DA:32,0
DA:50,0
DA:54,0
DA:55,0
DA:57,0
DA:61,0
DA:62,0
DA:63,0
DA:64,0
DA:66,0
DA:68,0
DA:69,0
DA:70,0
DA:71,0
DA:74,0
DA:77,0
DA:78,0
DA:82,0
DA:83,0
DA:87,0
DA:89,0
DA:93,0
DA:94,0
DA:95,0
DA:97,0
DA:99,0
DA:100,0
DA:102,0
DA:103,0
DA:104,0
DA:105,0
DA:106,0
DA:108,0
DA:109,0
DA:110,0
DA:115,0
DA:116,0
DA:118,0
DA:119,0
DA:123,0
DA:127,0
DA:128,0
DA:133,0
DA:135,0
DA:140,0
DA:143,0
DA:148,0
DA:153,0
DA:155,0
DA:157,0
DA:159,0
DA:160,0
DA:168,0
DA:170,0
DA:174,0
DA:177,0
DA:180,0
DA:185,0
DA:190,0
DA:191,0
DA:198,0
DA:199,0
DA:201,0
DA:205,0
DA:206,0
DA:209,0
DA:211,0
DA:216,0
DA:221,0
DA:222,0
DA:229,0
DA:231,0
DA:233,0
DA:235,0
DA:236,0
DA:237,0
DA:238,0
DA:245,0
DA:246,0
DA:248,0
DA:254,0
DA:255,0
DA:256,0
DA:257,0
DA:260,0
DA:262,0
DA:263,0
DA:264,0
DA:266,0
DA:267,0
DA:272,0
DA:274,0
DA:275,0
DA:276,0
DA:277,0
DA:278,0
DA:282,0
DA:285,0
DA:286,0
DA:287,0
DA:288,0
DA:289,0
DA:293,0
DA:295,0
DA:302,0
DA:303,0
DA:305,0
DA:306,0
DA:311,0
DA:312,0
DA:313,0
DA:317,0
DA:318,0
DA:319,0
DA:320,0
DA:324,0
DA:329,0
DA:330,0
DA:331,0
DA:333,0
DA:336,0
DA:339,0
DA:344,0
DA:345,0
DA:347,0
DA:349,0
DA:350,0
DA:351,0
DA:352,0
DA:355,0
DA:360,0
DA:361,0
DA:363,0
DA:365,0
DA:366,0
DA:369,0
DA:374,0
DA:375,0
DA:376,0
DA:381,0
DA:382,0
DA:383,0
DA:384,0
DA:386,0
DA:387,0
DA:388,0
DA:389,0
DA:390,0
DA:391,0
DA:397,0
DA:398,0
DA:403,0
DA:404,0
DA:406,0
DA:408,0
DA:414,0
DA:417,0
DA:418,0
DA:424,0
DA:425,0
DA:426,0
DA:427,0
DA:428,0
DA:431,0
DA:432,0
DA:433,0
DA:434,0
DA:436,0
DA:439,0
DA:440,0
DA:443,0
DA:448,0
DA:449,0
DA:451,0
DA:452,0
DA:453,0
DA:454,0
DA:456,0
DA:457,0
DA:461,0
DA:462,0
DA:463,0
DA:465,0
DA:467,0
DA:468,0
DA:469,0
DA:472,0
DA:474,0
DA:478,0
DA:482,0
DA:483,0
DA:484,0
DA:485,0
DA:498,0
DA:500,0
LF:199
LH:0
end_of_record
SF:lib\chat_list_page.dart
DA:18,1
DA:25,0
DA:26,0
DA:42,0
DA:44,0
DA:46,0
DA:47,0
DA:48,0
DA:51,0
DA:52,0
DA:55,0
DA:56,0
DA:57,0
DA:62,0
DA:65,0
DA:67,0
DA:68,0
DA:69,0
DA:70,0
DA:71,0
DA:75,0
DA:76,0
DA:78,0
DA:79,0
DA:80,0
DA:82,0
DA:83,0
DA:85,0
DA:86,0
DA:87,0
DA:88,0
DA:89,0
DA:95,0
DA:96,0
DA:100,0
DA:101,0
DA:103,0
DA:104,0
DA:105,0
DA:113,0
DA:114,0
DA:116,0
DA:117,0
DA:121,0
DA:124,0
DA:127,0
DA:129,0
DA:130,0
DA:131,0
DA:132,0
DA:133,0
DA:137,0
DA:138,0
DA:142,0
DA:143,0
DA:144,0
DA:146,0
DA:147,0
DA:148,0
DA:155,0
DA:156,0
DA:157,0
DA:159,0
DA:160,0
DA:161,0
DA:165,0
DA:171,0
DA:172,0
DA:173,0
DA:174,0
DA:175,0
DA:176,0
DA:177,0
DA:180,0
DA:182,0
DA:183,0
DA:186,0
DA:188,0
DA:191,0
DA:196,0
DA:197,0
DA:200,0
DA:202,0
DA:203,0
DA:205,0
DA:206,0
DA:208,0
DA:213,0
DA:214,0
DA:216,0
DA:218,0
DA:219,0
DA:220,0
DA:223,0
DA:224,0
DA:228,0
DA:231,0
DA:232,0
DA:234,0
DA:235,0
DA:243,0
DA:249,0
DA:250,0
DA:254,0
DA:255,0
DA:256,0
DA:258,0
DA:272,0
DA:273,0
DA:282,0
DA:283,0
DA:284,0
DA:286,0
DA:289,0
DA:290,0
DA:299,0
DA:300,0
DA:301,0
DA:302,0
DA:303,0
DA:304,0
DA:305,0
DA:307,0
DA:312,0
DA:314,0
DA:315,0
DA:316,0
DA:319,0
DA:320,0
DA:321,0
DA:322,0
DA:324,0
DA:325,0
DA:329,0
DA:331,0
DA:332,0
DA:333,0
DA:334,0
DA:341,0
DA:342,0
DA:343,0
DA:344,0
DA:347,0
DA:349,0
DA:350,0
DA:353,0
DA:354,0
DA:356,0
DA:360,0
DA:363,0
DA:364,0
DA:365,0
DA:366,0
DA:368,0
DA:370,0
DA:375,0
DA:376,0
DA:379,0
DA:380,0
DA:386,0
DA:387,0
DA:389,0
DA:391,0
DA:393,0
DA:394,0
DA:395,0
DA:399,0
LF:167
LH:1
end_of_record
SF:lib\user_services.dart
DA:9,0
DA:11,0
DA:12,0
DA:15,0
DA:18,0
DA:21,0
DA:22,0
DA:23,0
DA:24,0
DA:29,0
DA:34,0
DA:35,0
DA:45,0
DA:52,0
DA:53,0
DA:54,0
DA:55,0
DA:68,0
DA:70,0
DA:71,0
DA:73,0
DA:79,0
DA:85,0
DA:88,0
DA:91,0
DA:92,0
DA:94,0
DA:101,0
DA:104,0
DA:105,0
DA:109,0
DA:110,0
DA:111,0
DA:112,0
DA:115,0
DA:116,0
DA:117,0
DA:119,0
DA:122,0
DA:127,0
DA:128,0
DA:129,0
DA:130,0
DA:135,0
DA:136,0
DA:137,0
DA:139,0
DA:141,0
DA:142,0
DA:143,0
DA:145,0
DA:146,0
DA:149,0
DA:150,0
DA:159,0
DA:161,0
DA:164,0
DA:169,0
DA:172,0
DA:173,0
DA:174,0
DA:178,0
DA:179,0
DA:180,0
DA:190,0
DA:194,0
DA:195,0
DA:198,0
DA:199,0
DA:201,0
DA:204,0
DA:209,0
DA:211,0
DA:212,0
DA:213,0
DA:214,0
DA:216,0
LF:77
LH:0
end_of_record
SF:lib\edit_profile_page.dart
DA:23,1
DA:25,0
DA:26,0
DA:62,0
DA:64,0
DA:66,0
DA:68,0
DA:70,0
DA:72,0
DA:76,0
DA:78,0
DA:81,0
DA:82,0
DA:83,0
DA:89,0
DA:92,0
DA:96,0
DA:97,0
DA:101,0
DA:102,0
DA:103,0
DA:110,0
DA:112,0
DA:115,0
DA:118,0
DA:123,0
DA:126,0
DA:128,0
DA:130,0
DA:131,0
DA:133,0
DA:135,0
DA:136,0
DA:147,0
DA:149,0
DA:152,0
DA:156,0
DA:157,0
DA:158,0
DA:163,0
DA:165,0
DA:166,0
DA:169,0
DA:171,0
DA:173,0
DA:175,0
DA:177,0
DA:178,0
DA:183,0
DA:184,0
DA:189,0
DA:191,0
DA:192,0
DA:200,0
DA:203,0
DA:204,0
DA:205,0
DA:208,0
DA:209,0
DA:210,0
DA:211,0
DA:212,0
DA:213,0
DA:214,0
DA:217,0
DA:218,0
DA:220,0
DA:227,0
DA:230,0
DA:231,0
DA:234,0
DA:235,0
DA:243,0
DA:244,0
DA:246,0
DA:248,0
DA:249,0
DA:255,0
DA:256,0
DA:257,0
DA:258,0
DA:259,0
DA:264,0
DA:267,0
DA:271,0
DA:273,0
DA:276,0
DA:284,0
DA:287,0
DA:293,0
DA:298,0
DA:299,0
DA:304,0
DA:305,0
DA:306,0
DA:307,0
DA:308,0
DA:309,0
DA:310,0
DA:311,0
DA:312,0
DA:313,0
DA:322,0
DA:323,0
DA:324,0
DA:327,0
DA:328,0
DA:331,0
DA:332,0
DA:335,0
DA:336,0
DA:337,0
DA:343,0
DA:344,0
DA:346,0
DA:347,0
DA:348,0
DA:351,0
DA:353,0
DA:357,0
DA:358,0
DA:359,0
DA:360,0
DA:361,0
DA:362,0
DA:365,0
DA:372,0
DA:380,0
DA:382,0
DA:384,0
DA:387,0
DA:388,0
DA:391,0
DA:392,0
DA:394,0
DA:399,0
DA:403,0
DA:405,0
DA:406,0
DA:408,0
DA:409,0
DA:416,0
DA:417,0
DA:419,0
DA:420,0
DA:426,0
DA:437,0
DA:438,0
DA:445,0
DA:446,0
DA:447,0
DA:449,0
DA:450,0
DA:451,0
DA:452,0
DA:456,0
DA:459,0
DA:461,0
DA:462,0
DA:463,0
DA:465,0
DA:466,0
DA:469,0
DA:475,0
DA:487,0
DA:488,0
DA:489,0
DA:492,0
DA:494,0
DA:495,0
DA:497,0
DA:498,0
DA:499,0
DA:500,0
DA:501,0
DA:502,0
DA:509,0
DA:511,0
DA:512,0
DA:513,0
DA:516,0
DA:518,0
DA:521,0
DA:522,0
DA:523,0
DA:524,0
DA:525,0
DA:531,0
DA:542,0
DA:543,0
DA:551,0
DA:553,0
DA:563,0
DA:567,0
DA:569,0
DA:576,0
DA:577,0
DA:581,0
DA:589,0
DA:591,0
DA:593,0
DA:596,0
DA:602,0
DA:603,0
DA:607,0
DA:608,0
DA:609,0
DA:610,0
DA:615,0
DA:616,0
DA:617,0
DA:618,0
DA:623,0
DA:632,0
DA:634,0
DA:641,0
DA:642,0
DA:645,0
DA:646,0
DA:647,0
DA:648,0
DA:653,0
DA:662,0
DA:665,0
DA:666,0
DA:667,0
DA:671,0
DA:672,0
DA:673,0
DA:674,0
DA:675,0
DA:682,0
DA:692,0
DA:694,0
DA:697,0
DA:698,0
DA:702,0
DA:703,0
DA:707,0
DA:709,0
DA:711,0
DA:715,0
DA:716,0
DA:720,0
DA:723,0
DA:726,0
DA:730,0
DA:733,0
DA:738,0
DA:741,0
DA:745,0
DA:746,0
DA:747,0
DA:748,0
DA:755,0
DA:757,0
DA:759,0
DA:763,0
DA:765,0
DA:768,0
DA:770,0
DA:771,0
DA:773,0
DA:775,0
DA:776,0
DA:778,0
DA:783,0
DA:786,0
DA:789,0
DA:790,0
DA:795,0
DA:797,0
DA:807,0
DA:808,0
DA:810,0
DA:813,0
DA:815,0
DA:817,0
DA:829,0
DA:831,0
DA:834,0
DA:835,0
DA:838,0
DA:839,0
DA:842,0
DA:843,0
DA:846,0
DA:847,0
DA:851,0
DA:852,0
DA:853,0
DA:858,0
DA:860,0
DA:864,0
DA:865,0
DA:866,0
DA:868,0
DA:871,0
DA:874,0
DA:877,0
DA:880,0
DA:883,0
DA:886,0
DA:887,0
DA:888,0
DA:889,0
DA:890,0
DA:891,0
DA:894,0
DA:896,0
DA:897,0
DA:900,0
DA:901,0
DA:904,0
DA:908,0
DA:912,0
DA:916,0
DA:921,0
DA:923,0
DA:926,0
DA:927,0
DA:928,0
DA:929,0
DA:930,0
DA:936,0
DA:937,0
DA:939,0
DA:940,0
DA:941,0
DA:942,0
DA:943,0
DA:944,0
DA:945,0
DA:956,0
DA:958,0
DA:959,0
DA:962,0
DA:964,0
DA:967,0
DA:971,0
DA:972,0
DA:975,0
DA:976,0
DA:979,0
DA:980,0
DA:981,0
DA:982,0
DA:986,0
DA:989,0
DA:992,0
DA:995,0
DA:1001,0
DA:1009,0
DA:1011,0
DA:1012,0
DA:1014,0
DA:1015,0
DA:1019,0
DA:1021,0
DA:1023,0
DA:1028,0
DA:1033,0
DA:1035,0
DA:1037,0
DA:1038,0
DA:1039,0
DA:1041,0
DA:1043,0
DA:1045,0
DA:1047,0
DA:1048,0
DA:1051,0
DA:1052,0
DA:1054,0
DA:1055,0
DA:1057,0
DA:1058,0
DA:1064,0
DA:1065,0
DA:1067,0
DA:1068,0
DA:1074,0
DA:1075,0
DA:1077,0
DA:1085,0
DA:1086,0
DA:1087,0
DA:1091,0
DA:1093,0
DA:1096,0
DA:1097,0
DA:1110,0
DA:1111,0
DA:1112,0
DA:1116,0
DA:1118,0
DA:1122,0
DA:1123,0
DA:1125,0
DA:1126,0
DA:1128,0
DA:1130,0
DA:1131,0
DA:1132,0
DA:1133,0
DA:1143,0
DA:1145,0
DA:1148,0
DA:1168,0
DA:1169,0
DA:1170,0
DA:1171,0
DA:1175,0
DA:1176,0
DA:1177,0
DA:1181,0
DA:1182,0
DA:1183,0
DA:1192,0
DA:1193,0
DA:1194,0
DA:1195,0
DA:1200,0
DA:1201,0
DA:1202,0
DA:1206,0
DA:1207,0
DA:1208,0
DA:1217,0
DA:1218,0
DA:1219,0
DA:1220,0
DA:1224,0
DA:1225,0
DA:1226,0
DA:1230,0
DA:1231,0
DA:1232,0
DA:1240,0
DA:1242,0
DA:1245,0
LF:441
LH:1
end_of_record
SF:lib\main.dart
DA:21,0
DA:22,0
DA:25,0
DA:30,0
DA:31,0
DA:32,0
DA:33,0
DA:40,0
DA:41,0
DA:48,0
DA:52,0
DA:54,0
DA:55,0
DA:56,0
DA:61,0
DA:64,0
DA:67,0
DA:69,0
DA:71,0
DA:73,0
DA:76,0
DA:78,0
DA:84,0
DA:88,0
DA:89,0
DA:90,0
DA:93,0
DA:97,0
DA:100,0
DA:103,0
DA:104,0
DA:105,0
DA:107,0
DA:108,0
DA:109,0
DA:110,0
DA:112,0
DA:113,0
DA:115,0
DA:121,0
DA:125,0
DA:127,0
DA:129,0
DA:131,0
DA:137,0
DA:143,0
DA:145,0
DA:147,0
DA:148,0
DA:155,0
DA:157,0
DA:159,0
DA:161,0
DA:169,0
DA:170,0
DA:173,0
DA:175,0
DA:176,0
DA:188,0
DA:190,0
DA:194,1
DA:196,0
DA:197,0
DA:209,0
DA:211,0
DA:213,0
DA:215,0
DA:216,0
DA:217,0
DA:222,0
DA:225,0
DA:227,0
DA:232,0
DA:236,0
DA:238,0
DA:240,0
DA:241,0
DA:247,0
DA:252,0
DA:256,0
DA:257,0
DA:259,0
DA:260,0
DA:265,0
DA:268,0
DA:273,0
DA:275,0
DA:276,0
DA:280,0
DA:283,0
DA:284,0
DA:285,0
DA:287,0
DA:289,0
DA:291,0
DA:293,0
DA:294,0
DA:295,0
DA:303,0
DA:305,0
DA:308,0
DA:309,0
DA:311,0
DA:312,0
DA:313,0
DA:314,0
DA:317,0
DA:325,0
DA:329,0
DA:332,0
DA:338,0
DA:339,0
DA:340,0
DA:344,0
DA:354,0
DA:355,0
DA:360,0
DA:375,0
DA:376,0
DA:378,0
DA:379,0
DA:380,0
DA:381,0
DA:384,0
DA:385,0
DA:390,0
DA:391,0
DA:393,0
DA:394,0
DA:395,0
DA:400,0
DA:403,0
DA:404,0
DA:405,0
DA:407,0
DA:410,0
DA:417,0
DA:418,0
DA:422,0
DA:424,0
DA:427,0
DA:432,0
DA:433,0
DA:434,0
DA:439,0
DA:440,0
DA:441,0
DA:442,0
DA:450,0
DA:454,0
DA:458,0
DA:459,0
DA:460,0
DA:461,0
DA:468,0
DA:469,0
DA:470,0
DA:473,0
DA:476,0
DA:479,0
DA:480,0
DA:481,0
DA:484,0
DA:486,0
DA:488,0
DA:489,0
DA:491,0
DA:492,0
DA:494,0
DA:497,0
DA:498,0
DA:501,0
DA:502,0
DA:505,0
DA:506,0
DA:507,0
DA:511,0
DA:512,0
DA:514,0
DA:516,0
DA:517,0
DA:520,0
DA:522,0
DA:529,0
DA:530,0
DA:531,0
DA:533,0
DA:536,0
DA:540,0
DA:541,0
DA:542,0
DA:543,0
DA:546,0
DA:547,0
DA:548,0
DA:549,0
DA:558,0
DA:560,0
DA:561,0
DA:564,0
DA:566,0
DA:574,1
DA:576,0
DA:577,0
DA:586,0
DA:588,0
DA:591,0
DA:592,0
DA:596,0
DA:597,0
DA:598,0
DA:602,0
DA:604,0
DA:605,0
DA:607,0
DA:608,0
DA:609,0
DA:612,0
DA:613,0
DA:614,0
DA:615,0
DA:622,0
DA:624,0
DA:625,0
DA:626,0
DA:627,0
DA:628,0
DA:631,0
DA:634,0
DA:635,0
DA:643,0
DA:645,0
DA:647,0
DA:648,0
DA:650,0
DA:652,0
DA:657,0
DA:658,0
DA:659,0
DA:660,0
DA:665,0
DA:667,0
DA:668,0
DA:674,0
DA:684,1
DA:686,0
DA:687,0
DA:693,0
DA:694,0
DA:695,0
DA:697,0
DA:700,0
DA:701,0
DA:702,0
DA:706,0
DA:708,0
DA:709,0
DA:710,0
DA:723,0
DA:725,0
DA:730,0
LF:261
LH:3
end_of_record
SF:lib\form_content_register.dart
DA:16,0
DA:22,0
DA:23,0
DA:51,0
DA:53,0
DA:55,0
DA:57,0
DA:58,0
DA:61,0
DA:63,0
DA:64,0
DA:67,0
DA:68,0
DA:69,0
DA:71,0
DA:75,0
DA:77,0
DA:78,0
DA:80,0
DA:83,0
DA:85,0
DA:86,0
DA:88,0
DA:92,0
DA:93,0
DA:94,0
DA:95,0
DA:97,0
DA:101,0
DA:102,0
DA:103,0
DA:104,0
DA:105,0
DA:106,0
DA:112,0
DA:113,0
DA:114,0
DA:115,0
DA:119,0
DA:120,0
DA:121,0
DA:123,0
DA:124,0
DA:125,0
DA:126,0
DA:127,0
DA:128,0
DA:129,0
DA:130,0
DA:131,0
DA:132,0
DA:135,0
DA:138,0
DA:140,0
DA:143,0
DA:144,0
DA:145,0
DA:146,0
DA:148,0
DA:153,0
DA:154,0
DA:157,0
DA:158,0
DA:159,0
DA:163,0
DA:166,0
DA:167,0
DA:170,0
DA:173,0
DA:175,0
DA:179,0
DA:180,0
DA:181,0
DA:182,0
DA:183,0
DA:184,0
DA:185,0
DA:187,0
DA:191,0
DA:194,0
DA:195,0
DA:198,0
DA:199,0
DA:200,0
DA:203,0
DA:204,0
DA:205,0
DA:206,0
DA:207,0
DA:208,0
DA:210,0
DA:215,0
DA:218,0
DA:219,0
DA:220,0
DA:221,0
DA:223,0
DA:226,0
DA:227,0
DA:228,0
DA:229,0
DA:232,0
DA:235,0
DA:237,0
DA:238,0
DA:242,0
DA:244,0
DA:245,0
DA:246,0
DA:248,0
DA:251,0
DA:253,0
DA:254,0
DA:256,0
DA:257,0
DA:258,0
DA:259,0
DA:260,0
DA:271,0
DA:273,0
DA:276,0
DA:277,0
DA:279,0
DA:280,0
DA:281,0
DA:282,0
DA:283,0
DA:295,0
DA:297,0
DA:300,0
DA:301,0
DA:302,0
DA:303,0
DA:304,0
DA:306,0
DA:310,0
DA:312,0
DA:323,0
DA:325,0
DA:328,0
DA:329,0
DA:330,0
DA:331,0
DA:333,0
DA:338,0
DA:339,0
DA:343,0
DA:344,0
DA:345,0
DA:350,0
DA:351,0
DA:356,0
DA:359,0
DA:360,0
DA:361,0
DA:362,0
DA:364,0
DA:369,0
DA:370,0
DA:374,0
DA:375,0
DA:376,0
DA:381,0
DA:382,0
DA:383,0
DA:384,0
DA:389,0
DA:392,0
DA:393,0
DA:395,0
DA:397,0
DA:398,0
DA:399,0
DA:401,0
DA:404,0
DA:411,0
DA:414,0
DA:415,0
DA:417,0
DA:424,0
DA:425,0
DA:426,0
DA:427,0
DA:428,0
DA:429,0
DA:432,0
DA:434,0
DA:446,0
DA:449,0
DA:450,0
DA:452,0
DA:457,0
DA:460,0
DA:462,0
DA:463,0
DA:465,0
DA:466,0
DA:469,0
DA:479,0
DA:481,0
DA:482,0
DA:483,0
DA:484,0
DA:485,0
DA:500,0
DA:501,0
DA:515,0
DA:517,0
DA:518,0
DA:519,0
DA:520,0
DA:521,0
DA:522,0
DA:523,0
LF:214
LH:0
end_of_record
SF:lib\terms_page.dart
DA:4,1
DA:6,0
DA:8,0
DA:9,0
DA:11,0
DA:13,0
DA:16,0
DA:18,0
DA:20,0
DA:22,0
DA:23,0
DA:25,0
DA:27,0
DA:34,0
DA:43,0
DA:52,0
DA:64,0
DA:74,0
DA:85,0
DA:94,0
DA:102,0
DA:103,0
DA:104,0
DA:114,0
DA:115,0
DA:117,0
DA:118,0
DA:120,0
DA:122,0
LF:29
LH:1
end_of_record
SF:lib\rive_controller.dart
DA:5,0
DA:6,0
DA:8,0
DA:10,0
DA:26,0
DA:28,0
DA:29,0
DA:32,0
DA:33,0
DA:34,0
DA:35,0
DA:36,0
DA:37,0
DA:38,0
DA:41,0
DA:45,0
DA:46,0
DA:47,0
DA:48,0
DA:49,0
DA:53,0
DA:54,0
DA:55,0
DA:56,0
DA:59,0
DA:60,0
DA:61,0
DA:62,0
DA:63,0
DA:64,0
DA:68,0
DA:69,0
DA:70,0
DA:71,0
DA:72,0
DA:73,0
DA:77,0
DA:78,0
DA:79,0
DA:80,0
DA:83,0
DA:84,0
DA:85,0
DA:86,0
DA:90,0
DA:91,0
DA:92,0
DA:95,0
DA:97,0
DA:99,0
DA:101,0
DA:103,0
DA:105,0
DA:107,0
DA:108,0
DA:109,0
DA:110,0
DA:113,0
DA:114,0
DA:115,0
DA:116,0
DA:117,0
DA:118,0
DA:119,0
DA:122,0
DA:125,0
DA:126,0
DA:127,0
DA:128,0
DA:129,0
DA:130,0
DA:131,0
DA:132,0
DA:133,0
DA:136,0
DA:137,0
DA:141,0
DA:142,0
DA:143,0
DA:144,0
DA:145,0
DA:146,0
DA:147,0
DA:148,0
DA:149,0
LF:85
LH:0
end_of_record
SF:lib\form_dialog.dart
DA:17,0
DA:29,0
DA:30,0
DA:42,0
DA:44,0
DA:45,0
DA:46,0
DA:47,0
DA:48,0
DA:49,0
DA:50,0
DA:51,0
DA:56,0
DA:57,0
DA:59,0
DA:60,0
DA:61,0
DA:62,0
DA:63,0
DA:66,0
DA:70,0
DA:71,0
DA:72,0
DA:75,0
DA:78,0
DA:79,0
DA:80,0
DA:81,0
DA:82,0
DA:83,0
DA:85,0
DA:90,0
DA:92,0
DA:93,0
DA:94,0
DA:96,0
DA:97,0
DA:98,0
DA:100,0
DA:101,0
DA:102,0
DA:103,0
DA:104,0
DA:105,0
DA:106,0
DA:107,0
DA:109,0
DA:110,0
DA:111,0
DA:112,0
DA:115,0
DA:116,0
DA:124,0
DA:125,0
DA:126,0
DA:127,0
DA:128,0
DA:134,0
DA:135,0
DA:136,0
DA:137,0
DA:138,0
DA:144,0
DA:145,0
DA:146,0
DA:148,0
DA:149,0
DA:150,0
DA:153,0
DA:154,0
DA:160,0
DA:161,0
DA:162,0
DA:164,0
DA:165,0
DA:166,0
DA:169,0
DA:170,0
DA:176,0
DA:177,0
DA:178,0
DA:179,0
DA:181,0
DA:183,0
DA:184,0
DA:185,0
DA:186,0
DA:187,0
DA:188,0
DA:189,0
DA:190,0
DA:194,0
LF:92
LH:0
end_of_record
SF:lib\invitations_page.dart
DA:7,0
DA:9,0
DA:10,0
DA:16,0
DA:18,0
DA:19,0
DA:23,0
DA:25,0
DA:26,0
DA:27,0
DA:29,0
DA:30,0
DA:31,0
DA:36,0
DA:37,0
DA:38,0
DA:46,0
DA:48,0
DA:49,0
DA:50,0
DA:52,0
DA:53,0
DA:54,0
DA:59,0
DA:60,0
DA:61,0
DA:68,0
DA:70,0
DA:71,0
DA:74,0
DA:75,0
DA:76,0
DA:77,0
DA:79,0
DA:81,0
DA:87,0
DA:88,0
DA:89,0
DA:90,0
DA:91,0
DA:92,0
DA:93,0
DA:94,0
DA:95,0
DA:97,0
DA:98,0
DA:100,0
DA:102,0
DA:104,0
LF:49
LH:0
end_of_record
SF:lib\invitations_service.dart
DA:6,0
DA:9,0
DA:10,0
DA:11,0
DA:12,0
DA:13,0
DA:15,0
DA:20,0
DA:22,0
DA:23,0
DA:24,0
DA:25,0
DA:27,0
DA:28,0
DA:33,0
DA:34,0
DA:35,0
DA:36,0
DA:37,0
DA:39,0
DA:40,0
LF:21
LH:0
end_of_record
SF:lib\invite_users_service.dart
DA:6,0
DA:9,0
DA:10,0
DA:12,0
DA:13,0
DA:16,0
DA:17,0
DA:18,0
DA:22,0
DA:27,0
DA:28,0
DA:29,0
DA:30,0
DA:32,0
DA:33,0
DA:35,0
DA:38,0
DA:43,0
DA:44,0
DA:45,0
DA:46,0
DA:47,0
DA:50,0
DA:51,0
LF:24
LH:0
end_of_record
SF:lib\register.dart
DA:11,0
DA:13,0
DA:15,0
DA:17,0
DA:20,0
DA:22,0
DA:25,0
DA:26,0
DA:28,0
DA:30,0
DA:33,0
DA:36,0
DA:37,0
DA:39,0
DA:42,0
DA:45,0
DA:46,0
DA:47,0
DA:48,0
LF:19
LH:0
end_of_record
SF:lib\logo_widget.dart
DA:8,0
DA:10,0
DA:12,0
DA:14,0
DA:16,0
DA:17,0
DA:20,0
DA:22,0
DA:24,0
DA:28,0
DA:29,0
DA:30,0
DA:31,0
DA:32,0
LF:14
LH:0
end_of_record
SF:lib\rive_animation_widget.dart
DA:8,0
DA:10,0
DA:11,0
DA:15,0
DA:17,0
DA:19,0
DA:20,0
LF:7
LH:0
end_of_record
SF:lib\utils\web_utils_stub.dart
DA:1,0
LF:1
LH:0
end_of_record
SF:lib\map_page.dart
DA:25,0
DA:29,0
DA:30,0
DA:32,0
DA:33,0
DA:74,0
DA:76,0
DA:77,0
DA:78,0
DA:79,0
DA:80,0
DA:81,0
DA:84,0
DA:85,0
DA:88,0
DA:90,0
DA:92,0
DA:95,0
DA:96,0
DA:100,0
DA:101,0
DA:102,0
DA:109,0
DA:111,0
DA:112,0
DA:116,0
DA:117,0
DA:118,0
DA:123,0
DA:124,0
DA:125,0
DA:126,0
DA:127,0
DA:128,0
DA:136,0
DA:137,0
DA:138,0
DA:140,0
DA:142,0
DA:143,0
DA:144,0
DA:145,0
DA:148,0
DA:152,0
DA:153,0
DA:154,0
DA:157,0
DA:158,0
DA:159,0
DA:167,0
DA:168,0
DA:169,0
DA:170,0
DA:175,0
DA:180,0
DA:182,0
DA:183,0
DA:184,0
DA:185,0
DA:186,0
DA:196,0
DA:197,0
DA:198,0
DA:199,0
DA:200,0
DA:201,0
DA:202,0
DA:203,0
DA:210,0
DA:211,0
DA:212,0
DA:213,0
DA:214,0
DA:215,0
DA:224,0
DA:225,0
DA:227,0
DA:228,0
DA:229,0
DA:231,0
DA:233,0
DA:234,0
DA:235,0
DA:237,0
DA:242,0
DA:243,0
DA:244,0
DA:247,0
DA:248,0
DA:249,0
DA:250,0
DA:251,0
DA:252,0
DA:253,0
DA:255,0
DA:256,0
DA:257,0
DA:260,0
DA:261,0
DA:264,0
DA:267,0
DA:270,0
DA:277,0
DA:280,0
DA:282,0
DA:283,0
DA:289,0
DA:292,0
DA:293,0
DA:294,0
DA:295,0
DA:296,0
DA:297,0
DA:299,0
DA:301,0
DA:304,0
DA:305,0
DA:306,0
DA:309,0
DA:310,0
DA:312,0
DA:313,0
DA:314,0
DA:315,0
DA:316,0
DA:317,0
DA:325,0
DA:326,0
DA:327,0
DA:329,0
DA:331,0
DA:333,0
DA:341,0
DA:343,0
DA:344,0
DA:347,0
DA:348,0
DA:349,0
DA:359,0
DA:360,0
DA:362,0
DA:363,0
DA:364,0
DA:365,0
DA:366,0
DA:373,0
DA:379,0
DA:381,0
DA:382,0
DA:384,0
DA:386,0
DA:387,0
DA:390,0
DA:392,0
DA:395,0
DA:397,0
DA:400,0
DA:402,0
DA:405,0
DA:407,0
DA:410,0
DA:419,0
DA:421,0
DA:424,0
DA:425,0
DA:432,0
DA:433,0
DA:434,0
DA:436,0
DA:437,0
DA:438,0
DA:444,0
DA:445,0
DA:447,0
DA:451,0
DA:452,0
DA:453,0
DA:459,0
DA:471,0
DA:472,0
DA:481,0
DA:493,0
DA:497,0
DA:499,0
DA:501,0
DA:502,0
DA:504,0
DA:505,0
DA:506,0
DA:507,0
DA:508,0
DA:509,0
DA:513,0
DA:514,0
DA:515,0
DA:516,0
DA:517,0
DA:518,0
DA:520,0
DA:522,0
DA:524,0
DA:526,0
DA:528,0
DA:531,0
DA:533,0
DA:535,0
DA:536,0
DA:537,0
DA:539,0
DA:540,0
DA:541,0
DA:542,0
DA:543,0
DA:548,0
DA:549,0
DA:562,0
DA:564,0
DA:565,0
DA:570,0
DA:571,0
DA:572,0
DA:574,0
DA:575,0
DA:576,0
DA:578,0
DA:579,0
DA:583,0
DA:584,0
DA:590,0
DA:591,0
DA:592,0
DA:593,0
DA:595,0
DA:596,0
DA:601,0
DA:602,0
DA:604,0
DA:606,0
DA:608,0
DA:609,0
DA:610,0
DA:613,0
DA:614,0
DA:615,0
DA:628,0
DA:630,0
DA:632,0
DA:634,0
DA:635,0
DA:636,0
DA:637,0
DA:638,0
DA:642,0
DA:647,0
DA:648,0
DA:649,0
DA:650,0
DA:651,0
DA:653,0
DA:663,0
DA:666,0
DA:674,0
DA:675,0
DA:678,0
DA:679,0
DA:681,0
DA:682,0
DA:683,0
DA:695,0
DA:700,0
DA:701,0
DA:702,0
DA:704,0
DA:706,0
DA:724,0
DA:725,0
DA:726,0
DA:727,0
DA:728,0
DA:729,0
DA:730,0
DA:731,0
DA:738,0
DA:746,0
DA:747,0
DA:748,0
DA:749,0
DA:750,0
DA:752,0
DA:754,0
DA:755,0
DA:756,0
DA:757,0
DA:763,0
DA:764,0
DA:765,0
DA:767,0
DA:772,0
DA:774,0
DA:775,0
DA:776,0
DA:781,0
DA:787,0
DA:788,0
DA:790,0
DA:794,0
DA:795,0
DA:796,0
DA:797,0
DA:798,0
DA:800,0
DA:802,0
DA:804,0
DA:805,0
DA:808,0
DA:809,0
DA:810,0
DA:811,0
DA:812,0
DA:814,0
DA:815,0
DA:825,0
DA:826,0
DA:833,0
DA:834,0
DA:835,0
DA:836,0
DA:838,0
DA:839,0
DA:840,0
DA:841,0
DA:843,0
DA:844,0
DA:845,0
DA:852,0
DA:853,0
DA:857,0
DA:859,0
DA:860,0
DA:861,0
DA:868,0
DA:869,0
DA:870,0
DA:877,0
DA:878,0
DA:883,0
DA:884,0
DA:885,0
DA:887,0
DA:888,0
DA:889,0
DA:892,0
DA:894,0
DA:895,0
DA:896,0
DA:903,0
DA:904,0
DA:908,0
DA:911,0
DA:913,0
DA:914,0
DA:919,0
DA:920,0
DA:921,0
DA:924,0
DA:925,0
DA:926,0
DA:927,0
DA:928,0
DA:929,0
DA:932,0
DA:933,0
DA:935,0
DA:955,0
DA:956,0
DA:957,0
DA:959,0
DA:972,0
DA:973,0
DA:974,0
DA:975,0
DA:976,0
DA:977,0
DA:978,0
DA:986,0
DA:987,0
DA:988,0
DA:989,0
DA:990,0
DA:991,0
DA:993,0
DA:994,0
DA:996,0
DA:997,0
DA:998,0
DA:1000,0
DA:1001,0
DA:1002,0
DA:1005,0
DA:1006,0
DA:1007,0
DA:1010,0
DA:1012,0
DA:1013,0
DA:1014,0
DA:1015,0
DA:1017,0
DA:1018,0
DA:1020,0
DA:1021,0
DA:1023,0
DA:1024,0
DA:1025,0
DA:1031,0
DA:1033,0
DA:1034,0
DA:1035,0
DA:1041,0
DA:1043,0
DA:1044,0
DA:1045,0
DA:1051,0
DA:1053,0
DA:1054,0
DA:1055,0
DA:1061,0
DA:1064,0
DA:1066,0
DA:1067,0
DA:1068,0
DA:1069,0
DA:1070,0
DA:1071,0
DA:1076,0
DA:1077,0
DA:1078,0
DA:1082,0
DA:1083,0
DA:1094,0
DA:1095,0
DA:1096,0
DA:1097,0
DA:1099,0
DA:1101,0
DA:1102,0
DA:1103,0
DA:1104,0
DA:1106,0
DA:1107,0
DA:1108,0
DA:1109,0
DA:1110,0
DA:1111,0
DA:1112,0
DA:1116,0
DA:1117,0
DA:1118,0
DA:1121,0
DA:1122,0
DA:1123,0
DA:1124,0
DA:1125,0
DA:1129,0
DA:1131,0
DA:1133,0
DA:1135,0
DA:1136,0
DA:1137,0
DA:1138,0
DA:1139,0
DA:1140,0
DA:1148,0
DA:1157,0
DA:1158,0
DA:1159,0
DA:1160,0
DA:1161,0
DA:1162,0
DA:1163,0
DA:1166,0
DA:1167,0
DA:1168,0
DA:1169,0
DA:1171,0
DA:1173,0
DA:1174,0
DA:1175,0
DA:1179,0
DA:1180,0
DA:1181,0
DA:1183,0
DA:1184,0
DA:1185,0
DA:1186,0
DA:1191,0
DA:1192,0
DA:1193,0
DA:1194,0
DA:1195,0
DA:1202,0
DA:1210,0
DA:1212,0
DA:1213,0
DA:1215,0
DA:1216,0
DA:1221,0
DA:1227,0
DA:1231,0
DA:1238,0
DA:1239,0
DA:1240,0
DA:1241,0
DA:1242,0
DA:1243,0
DA:1245,0
DA:1246,0
DA:1247,0
DA:1249,0
DA:1250,0
DA:1251,0
DA:1252,0
DA:1253,0
DA:1254,0
DA:1255,0
DA:1259,0
DA:1263,0
DA:1271,0
DA:1272,0
DA:1275,0
DA:1276,0
DA:1277,0
DA:1282,0
DA:1283,0
DA:1285,0
DA:1287,0
DA:1293,0
DA:1294,0
DA:1296,0
DA:1298,0
DA:1301,0
DA:1302,0
DA:1304,0
DA:1306,0
DA:1312,0
DA:1314,0
DA:1316,0
DA:1324,0
DA:1325,0
DA:1327,0
DA:1329,0
DA:1330,0
DA:1331,0
DA:1332,0
DA:1334,0
DA:1337,0
DA:1343,0
DA:1345,0
DA:1349,0
DA:1350,0
DA:1351,0
DA:1352,0
DA:1353,0
DA:1354,0
DA:1355,0
DA:1356,0
DA:1358,0
DA:1363,0
DA:1364,0
DA:1365,0
DA:1367,0
DA:1368,0
DA:1369,0
DA:1370,0
DA:1372,0
DA:1382,0
DA:1383,0
DA:1384,0
DA:1396,0
DA:1397,0
DA:1398,0
DA:1404,0
DA:1410,0
DA:1411,0
DA:1412,0
DA:1417,0
DA:1418,0
DA:1419,0
DA:1420,0
DA:1427,0
DA:1430,0
DA:1431,0
DA:1432,0
DA:1433,0
DA:1435,0
DA:1438,0
DA:1439,0
DA:1440,0
DA:1441,0
DA:1448,0
DA:1450,0
DA:1451,0
DA:1452,0
DA:1453,0
DA:1454,0
DA:1458,0
DA:1459,0
DA:1460,0
DA:1461,0
DA:1462,0
DA:1469,0
DA:1471,0
DA:1475,0
DA:1476,0
DA:1478,0
DA:1479,0
DA:1481,0
DA:1482,0
DA:1483,0
DA:1484,0
DA:1486,0
DA:1487,0
DA:1488,0
DA:1492,0
DA:1495,0
DA:1500,0
DA:1502,0
DA:1504,0
DA:1505,0
DA:1507,0
DA:1510,0
DA:1511,0
DA:1512,0
DA:1515,0
DA:1516,0
DA:1517,0
DA:1518,0
DA:1520,0
DA:1521,0
DA:1522,0
DA:1523,0
DA:1524,0
DA:1528,0
DA:1529,0
DA:1530,0
DA:1531,0
DA:1533,0
DA:1536,0
DA:1537,0
DA:1538,0
DA:1539,0
DA:1540,0
DA:1544,0
DA:1546,0
DA:1547,0
DA:1550,0
DA:1552,0
DA:1555,0
DA:1564,0
DA:1565,0
DA:1566,0
DA:1568,0
DA:1571,0
DA:1572,0
DA:1573,0
DA:1574,0
DA:1575,0
DA:1576,0
DA:1580,0
DA:1581,0
DA:1582,0
DA:1583,0
DA:1588,0
DA:1589,0
DA:1590,0
DA:1591,0
DA:1594,0
DA:1595,0
DA:1596,0
DA:1597,0
DA:1602,0
DA:1603,0
DA:1604,0
DA:1605,0
DA:1609,0
DA:1610,0
DA:1612,0
DA:1613,0
DA:1614,0
DA:1615,0
DA:1619,0
DA:1620,0
DA:1621,0
DA:1622,0
DA:1623,0
DA:1633,0
DA:1634,0
DA:1635,0
DA:1637,0
DA:1638,0
DA:1643,0
DA:1644,0
DA:1645,0
DA:1646,0
DA:1656,0
DA:1657,0
DA:1658,0
DA:1660,0
DA:1666,0
DA:1667,0
DA:1670,0
DA:1674,0
DA:1675,0
DA:1676,0
DA:1677,0
DA:1678,0
DA:1680,0
DA:1682,0
DA:1685,0
DA:1686,0
DA:1693,0
DA:1698,0
DA:1700,0
DA:1701,0
DA:1702,0
DA:1705,0
DA:1706,0
DA:1707,0
DA:1708,0
DA:1712,0
DA:1713,0
DA:1714,0
DA:1716,0
DA:1718,0
DA:1725,0
DA:1728,0
DA:1729,0
DA:1731,0
DA:1732,0
DA:1733,0
DA:1735,0
DA:1737,0
DA:1744,0
DA:1754,0
DA:1755,0
DA:1756,0
DA:1757,0
DA:1763,0
DA:1764,0
DA:1765,0
DA:1766,0
DA:1767,0
DA:1769,0
DA:1774,0
DA:1775,0
DA:1781,0
DA:1782,0
DA:1783,0
DA:1784,0
DA:1789,0
DA:1791,0
DA:1792,0
DA:1798,0
DA:1801,0
DA:1805,0
DA:1807,0
DA:1808,0
DA:1809,0
DA:1810,0
DA:1812,0
DA:1814,0
DA:1815,0
DA:1816,0
DA:1817,0
DA:1818,0
DA:1819,0
DA:1821,0
DA:1822,0
DA:1823,0
DA:1824,0
DA:1829,0
DA:1832,0
DA:1833,0
DA:1834,0
DA:1835,0
DA:1836,0
DA:1837,0
DA:1838,0
DA:1839,0
DA:1840,0
DA:1843,0
DA:1844,0
DA:1845,0
DA:1846,0
DA:1848,0
DA:1850,0
DA:1853,0
DA:1854,0
DA:1855,0
DA:1856,0
DA:1858,0
DA:1859,0
DA:1861,0
DA:1863,0
DA:1877,0
DA:1879,0
DA:1880,0
DA:1881,0
DA:1882,0
DA:1884,0
DA:1886,0
DA:1887,0
DA:1888,0
DA:1891,0
DA:1892,0
DA:1893,0
DA:1894,0
DA:1900,0
DA:1901,0
DA:1902,0
DA:1903,0
DA:1904,0
DA:1906,0
DA:1911,0
DA:1912,0
DA:1914,0
DA:1915,0
DA:1916,0
DA:1920,0
DA:1924,0
DA:1926,0
DA:1927,0
DA:1928,0
DA:1929,0
DA:1931,0
DA:1932,0
DA:1934,0
DA:1938,0
DA:1939,0
DA:1945,0
DA:1946,0
DA:1947,0
DA:1950,0
DA:1952,0
DA:1955,0
DA:1958,0
DA:1961,0
DA:1964,0
DA:1965,0
DA:1966,0
DA:1967,0
DA:1970,0
DA:1975,0
DA:1976,0
DA:1977,0
DA:1978,0
DA:1979,0
DA:1980,0
DA:1981,0
DA:1983,0
DA:1984,0
DA:1985,0
DA:1986,0
DA:1990,0
DA:1994,0
DA:2000,0
DA:2001,0
DA:2004,0
DA:2005,0
DA:2006,0
DA:2008,0
DA:2016,0
DA:2017,0
DA:2023,0
DA:2024,0
DA:2026,0
DA:2027,0
DA:2028,0
DA:2031,0
DA:2033,0
DA:2034,0
DA:2037,0
DA:2039,0
DA:2042,0
DA:2043,0
DA:2044,0
DA:2047,0
DA:2053,0
DA:2055,0
DA:2056,0
DA:2057,0
DA:2062,0
DA:2063,0
DA:2075,0
DA:2076,0
DA:2077,0
DA:2086,0
DA:2087,0
DA:2091,0
DA:2092,0
DA:2093,0
DA:2094,0
DA:2095,0
DA:2097,0
DA:2099,0
DA:2101,0
DA:2102,0
DA:2104,0
DA:2108,0
DA:2109,0
DA:2110,0
DA:2112,0
DA:2116,0
DA:2118,0
DA:2119,0
DA:2120,0
DA:2122,0
DA:2124,0
DA:2125,0
DA:2126,0
DA:2128,0
DA:2129,0
DA:2131,0
DA:2133,0
DA:2135,0
DA:2137,0
DA:2139,0
DA:2142,0
DA:2147,0
DA:2148,0
DA:2149,0
DA:2150,0
DA:2151,0
DA:2152,0
DA:2153,0
DA:2154,0
DA:2155,0
DA:2158,0
DA:2159,0
DA:2160,0
DA:2161,0
DA:2162,0
DA:2174,0
DA:2176,0
DA:2177,0
DA:2178,0
DA:2179,0
DA:2180,0
DA:2184,0
DA:2185,0
DA:2186,0
DA:2187,0
DA:2201,0
DA:2202,0
DA:2206,0
DA:2207,0
DA:2208,0
DA:2209,0
DA:2210,0
DA:2211,0
DA:2212,0
DA:2213,0
DA:2214,0
DA:2215,0
DA:2217,0
DA:2221,0
DA:2228,0
DA:2232,0
DA:2234,0
DA:2237,0
DA:2238,0
DA:2239,0
DA:2241,0
DA:2242,0
DA:2244,0
DA:2245,0
DA:2246,0
DA:2248,0
DA:2250,0
DA:2251,0
DA:2252,0
DA:2258,0
DA:2260,0
DA:2261,0
DA:2262,0
DA:2263,0
DA:2264,0
DA:2265,0
DA:2266,0
DA:2267,0
DA:2268,0
DA:2269,0
DA:2270,0
DA:2271,0
DA:2272,0
DA:2273,0
DA:2274,0
DA:2275,0
DA:2277,0
DA:2280,0
DA:2281,0
DA:2282,0
DA:2284,0
DA:2285,0
DA:2286,0
DA:2292,0
DA:2293,0
DA:2295,0
DA:2296,0
DA:2300,0
DA:2302,0
DA:2303,0
DA:2304,0
DA:2311,0
DA:2312,0
DA:2315,0
DA:2316,0
DA:2317,0
DA:2320,0
DA:2323,0
DA:2324,0
DA:2325,0
DA:2327,0
DA:2330,0
DA:2331,0
DA:2335,0
DA:2338,0
DA:2339,0
DA:2340,0
DA:2345,0
DA:2346,0
DA:2348,0
DA:2351,0
DA:2352,0
DA:2357,0
DA:2358,0
DA:2361,0
DA:2362,0
DA:2363,0
DA:2364,0
DA:2365,0
DA:2366,0
DA:2372,0
DA:2373,0
DA:2376,0
DA:2377,0
DA:2378,0
DA:2380,0
DA:2381,0
DA:2382,0
DA:2385,0
DA:2386,0
DA:2387,0
DA:2388,0
DA:2401,0
DA:2402,0
DA:2405,0
DA:2406,0
DA:2412,0
DA:2414,0
DA:2415,0
DA:2416,0
DA:2418,0
DA:2432,0
DA:2434,0
DA:2435,0
DA:2436,0
LF:1066
LH:0
end_of_record
SF:lib\transit_service.dart
DA:51,0
DA:76,0
DA:89,0
DA:90,0
DA:93,0
DA:94,0
DA:95,0
DA:96,0
DA:97,0
DA:98,0
DA:99,0
DA:102,0
DA:103,0
DA:104,0
DA:105,0
DA:107,0
DA:108,0
DA:109,0
DA:112,0
DA:113,0
DA:114,0
DA:116,0
DA:117,0
DA:118,0
DA:120,0
DA:121,0
DA:122,0
DA:124,0
DA:126,0
DA:127,0
DA:129,0
DA:132,0
DA:133,0
DA:135,0
DA:136,0
DA:138,0
DA:140,0
DA:141,0
DA:145,0
DA:147,0
DA:149,0
DA:150,0
DA:151,0
DA:152,0
DA:153,0
DA:158,0
DA:160,0
DA:162,0
DA:163,0
DA:164,0
DA:165,0
DA:166,0
DA:168,0
DA:169,0
DA:170,0
DA:171,0
DA:173,0
DA:174,0
DA:175,0
DA:176,0
DA:178,0
DA:179,0
DA:181,0
DA:186,0
DA:191,0
DA:192,0
DA:199,0
DA:201,0
DA:205,0
DA:206,0
DA:209,0
DA:210,0
DA:211,0
DA:212,0
DA:215,0
DA:216,0
DA:218,0
DA:220,0
DA:222,0
DA:230,0
DA:232,0
DA:234,0
DA:236,0
DA:238,0
DA:240,0
DA:242,0
DA:249,0
DA:251,0
DA:253,0
DA:255,0
DA:257,0
DA:259,0
DA:261,0
DA:263,0
DA:265,0
DA:267,0
DA:269,0
DA:271,0
DA:273,0
DA:275,0
DA:277,0
DA:280,0
DA:284,0
DA:285,0
DA:286,0
DA:288,0
DA:291,0
DA:296,0
DA:301,0
DA:306,0
DA:311,0
DA:317,0
DA:320,0
DA:323,0
DA:325,0
DA:326,0
DA:330,0
DA:331,0
DA:332,0
DA:333,0
DA:334,0
DA:336,0
DA:337,0
DA:338,0
DA:339,0
DA:344,0
DA:345,0
DA:348,0
DA:350,0
DA:351,0
DA:354,0
DA:356,0
DA:357,0
DA:360,0
DA:363,0
DA:364,0
DA:365,0
DA:367,0
DA:368,0
DA:369,0
DA:370,0
DA:372,0
DA:384,0
DA:387,0
DA:388,0
DA:396,0
DA:399,0
DA:403,0
DA:405,0
DA:407,0
DA:409,0
DA:411,0
DA:413,0
DA:415,0
DA:422,0
DA:424,0
DA:426,0
DA:428,0
DA:430,0
DA:432,0
DA:434,0
DA:436,0
DA:438,0
DA:440,0
DA:442,0
DA:444,0
DA:446,0
DA:448,0
DA:450,0
LF:169
LH:0
end_of_record
SF:lib\map_ui.dart
DA:22,0
DA:37,0
DA:40,0
DA:42,0
DA:43,0
DA:44,0
DA:45,0
DA:46,0
DA:48,0
DA:49,0
DA:51,0
DA:55,0
DA:57,0
DA:58,0
DA:59,0
DA:60,0
DA:62,0
DA:64,0
DA:65,0
DA:68,0
DA:69,0
DA:70,0
DA:71,0
DA:77,0
DA:78,0
DA:81,0
DA:82,0
DA:83,0
DA:84,0
DA:87,0
DA:90,0
DA:92,0
DA:93,0
DA:94,0
DA:95,0
DA:109,0
DA:110,0
DA:111,0
DA:112,0
DA:114,0
DA:116,0
DA:117,0
DA:120,0
DA:121,0
DA:122,0
DA:123,0
DA:125,0
DA:126,0
DA:127,0
DA:128,0
DA:130,0
DA:133,0
DA:135,0
DA:136,0
DA:137,0
DA:138,0
DA:139,0
DA:142,0
DA:144,0
DA:145,0
DA:155,0
DA:156,0
DA:166,0
DA:170,0
DA:172,0
DA:173,0
DA:174,0
DA:175,0
DA:177,0
DA:179,0
DA:180,0
DA:181,0
DA:182,0
DA:183,0
DA:184,0
DA:185,0
DA:186,0
DA:192,0
DA:193,0
DA:194,0
DA:195,0
LF:81
LH:0
end_of_record
SF:lib\rating_page.dart
DA:21,0
DA:29,0
DA:30,0
DA:31,0
DA:32,0
DA:33,0
DA:34,0
DA:35,0
DA:43,0
DA:45,0
DA:46,0
DA:58,0
DA:60,0
DA:61,0
DA:62,0
DA:65,0
DA:66,0
DA:67,0
DA:68,0
DA:70,0
DA:73,0
DA:76,0
DA:77,0
DA:78,0
DA:80,0
DA:82,0
DA:83,0
DA:84,0
DA:85,0
DA:87,0
DA:88,0
DA:90,0
DA:92,0
DA:93,0
DA:95,0
DA:96,0
DA:100,0
DA:102,0
DA:105,0
DA:106,0
DA:110,0
DA:111,0
DA:112,0
DA:113,0
DA:115,0
DA:119,0
DA:122,0
DA:123,0
DA:125,0
DA:131,0
DA:132,0
DA:133,0
DA:136,0
DA:137,0
DA:139,0
DA:140,0
DA:141,0
DA:149,0
DA:150,0
DA:151,0
DA:152,0
DA:154,0
DA:155,0
DA:156,0
DA:157,0
DA:158,0
DA:161,0
DA:164,0
DA:167,0
DA:168,0
DA:169,0
DA:171,0
DA:181,0
DA:182,0
DA:188,0
DA:190,0
DA:191,0
DA:192,0
DA:193,0
DA:199,0
DA:201,0
DA:202,0
DA:203,0
DA:204,0
DA:205,0
DA:207,0
DA:208,0
DA:209,0
DA:210,0
DA:211,0
DA:215,0
DA:216,0
DA:217,0
DA:219,0
DA:225,0
DA:226,0
DA:234,0
DA:236,0
DA:245,0
DA:247,0
DA:248,0
DA:249,0
DA:250,0
DA:252,0
DA:254,0
DA:256,0
DA:258,0
DA:260,0
DA:261,0
DA:263,0
DA:264,0
DA:265,0
DA:266,0
DA:267,0
DA:268,0
DA:284,0
DA:285,0
DA:287,0
DA:292,0
DA:294,0
DA:295,0
DA:299,0
DA:300,0
DA:301,0
DA:316,0
DA:318,0
DA:320,0
DA:321,0
DA:322,0
DA:327,0
DA:329,0
DA:330,0
DA:332,0
DA:333,0
DA:338,0
DA:344,0
DA:348,0
LF:137
LH:0
end_of_record
